<?xml version="1.0" encoding="UTF-8"?>
<testsuites name="user register negative test cases" time="61.489" tests="5" failures="0" errors="0">
   <testsuite name="user register negative test cases" tests="5" failures="0" errors="0" time="61.489" skipped="0" timestamp="2022-04-30 13:11:57" hostname="lailatul.ramadhani - localhost" id="Test Suites/user register negative test cases">
      <properties>
         <property name="deviceName" value=""/>
         <property name="devicePlatform" value=""/>
         <property name="logFolder" value="/Users/lailatul.ramadhani/Katalon Studio/kitabisa/Reports/20220430_131141/user register negative test cases/20220430_131141"/>
         <property name="logFiles" value="/Users/lailatul.ramadhani/Katalon Studio/kitabisa/Reports/20220430_131141/user register negative test cases/20220430_131141/execution0.log"/>
         <property name="attachments" value=""/>
         <property name="hostName" value="lailatul.ramadhani - localhost"/>
         <property name="os" value="Mac OS X 64bit"/>
         <property name="katalonVersion" value="8.2.0.208"/>
         <property name="browser" value="Chrome 100.0.4896.127"/>
         <property name="hostAddress" value="127.0.0.1"/>
         <property name="sessionId" value="2f240521dfb6aac2c9ef3b463cb5d158"/>
         <property name="seleniumVersion" value="3.141.59"/>
         <property name="proxyInformation" value="ProxyInformation { proxyOption=NO_PROXY, proxyServerType=HTTP, username=, password=********, proxyServerAddress=, proxyServerPort=0, executionList=&quot;&quot;, isApplyToDesiredCapabilities=true }"/>
         <property name="platform" value="Mac OS X"/>
      </properties>
      <testcase name="Test Cases/test cases/negative test cases/TC10-as a user i cannot continue register if name is empty" time="13.093" classname="Test Cases/test cases/negative test cases/TC10-as a user i cannot continue register if name is empty" status="PASSED">
         <system-out><![CDATA[2022-04-30 13:11:57 - [TEST_CASE][PASSED] - Test Cases/test cases/negative test cases/TC10-as a user i cannot continue register if name is empty: Test Cases/test cases/negative test cases/TC10-as a user i cannot continue register if name is empty

2022-04-30 13:11:58 - [TEST_STEP][PASSED] - if (individualRun): Call Test Case 'Test Cases/pages/open browser and go to register page' successfully

2022-04-30 13:11:58 - [TEST_STEP][PASSED] - callTestCase(findTestCase("pages/open browser and go to register page"), [:], STOP_ON_FAILURE): Call Test Case 'Test Cases/pages/open browser and go to register page' successfully

2022-04-30 13:11:58 - [TEST_CASE][PASSED] - Test Cases/pages/open browser and go to register page: Test Cases/pages/open browser and go to register page

2022-04-30 13:11:58 - [TEST_STEP][PASSED] - openBrowser(basicURL, STOP_ON_FAILURE): Browser is opened with url: 'https://accounts.kitabisa.com/register'

2022-04-30 13:11:58 - [MESSAGE][INFO] - Starting 'Chrome' driver

2022-04-30 13:11:58 - [MESSAGE][INFO] - Action delay is set to 0 milliseconds

2022-04-30 13:12:04 - [MESSAGE][PASSED] - Browser is opened with url: 'https://accounts.kitabisa.com/register'

2022-04-30 13:12:04 - [TEST_STEP][PASSED] - maximizeWindow(): Current window maximized

2022-04-30 13:12:04 - [MESSAGE][PASSED] - Current window maximized

2022-04-30 13:12:04 - [MESSAGE][PASSED] - Call Test Case 'Test Cases/pages/open browser and go to register page' successfully

2022-04-30 13:12:04 - [TEST_STEP][PASSED] - callTestCase(findTestCase("Test Cases/pages/register new user account"), ["email":email], STOP_ON_FAILURE): Call Test Case 'Test Cases/pages/register new user account' successfully

2022-04-30 13:12:04 - [TEST_CASE][PASSED] - Test Cases/pages/register new user account: Test Cases/pages/register new user account

2022-04-30 13:12:05 - [TEST_STEP][PASSED] - callTestCase(findTestCase("pages/open browser and go to register page"), [:], STOP_ON_FAILURE): Call Test Case 'Test Cases/pages/open browser and go to register page' successfully

2022-04-30 13:12:05 - [TEST_CASE][PASSED] - Test Cases/pages/open browser and go to register page: Test Cases/pages/open browser and go to register page

2022-04-30 13:12:05 - [TEST_STEP][PASSED] - openBrowser(basicURL, STOP_ON_FAILURE): Browser is opened with url: 'https://accounts.kitabisa.com/register'

2022-04-30 13:12:05 - [MESSAGE][WARNING] - A browser is already opened. Closing browser and opening a new one

2022-04-30 13:12:05 - [MESSAGE][INFO] - Starting 'Chrome' driver

2022-04-30 13:12:05 - [MESSAGE][INFO] - Action delay is set to 0 milliseconds

2022-04-30 13:12:08 - [MESSAGE][PASSED] - Browser is opened with url: 'https://accounts.kitabisa.com/register'

2022-04-30 13:12:08 - [TEST_STEP][PASSED] - maximizeWindow(): Current window maximized

2022-04-30 13:12:08 - [MESSAGE][PASSED] - Current window maximized

2022-04-30 13:12:08 - [MESSAGE][PASSED] - Call Test Case 'Test Cases/pages/open browser and go to register page' successfully

2022-04-30 13:12:08 - [TEST_STEP][PASSED] - if (email != ""): null

2022-04-30 13:12:08 - [TEST_STEP][PASSED] - callTestCase(findTestCase("Test Cases/pages/input user email"), ["email":email], STOP_ON_FAILURE): Call Test Case 'Test Cases/pages/input user email' successfully

2022-04-30 13:12:08 - [TEST_CASE][PASSED] - Test Cases/pages/input user email: Test Cases/pages/input user email

2022-04-30 13:12:09 - [TEST_STEP][PASSED] - sendKeys(findTestObject("Object Repository/register page/ipt_email"), email, STOP_ON_FAILURE): Keys 'test@test1.com' sent to object: 'Object Repository/register page/ipt_email'

2022-04-30 13:12:09 - [MESSAGE][PASSED] - Keys 'test@test1.com' sent to object: 'Object Repository/register page/ipt_email'

2022-04-30 13:12:09 - [MESSAGE][PASSED] - Call Test Case 'Test Cases/pages/input user email' successfully

2022-04-30 13:12:09 - [TEST_STEP][PASSED] - if (isEdit): null

2022-04-30 13:12:09 - [TEST_STEP][PASSED] - if (name != ""): null

2022-04-30 13:12:09 - [TEST_STEP][PASSED] - if (isRegister): null

2022-04-30 13:12:09 - [TEST_STEP][PASSED] - if (accountType != ""): null

2022-04-30 13:12:09 - [TEST_STEP][PASSED] - if (isLogin): null

2022-04-30 13:12:09 - [TEST_STEP][PASSED] - if (openTnC): null

2022-04-30 13:12:09 - [MESSAGE][PASSED] - Call Test Case 'Test Cases/pages/register new user account' successfully

2022-04-30 13:12:09 - [TEST_STEP][PASSED] - callTestCase(findTestCase("Test Cases/pages/assertion register page"), ["scenario":scenario], STOP_ON_FAILURE): Call Test Case 'Test Cases/pages/assertion register page' successfully

2022-04-30 13:12:09 - [TEST_CASE][PASSED] - Test Cases/pages/assertion register page: Test Cases/pages/assertion register page

2022-04-30 13:12:10 - [TEST_STEP][PASSED] - switch (scenario.toLowerCase()): null

2022-04-30 13:12:10 - [TEST_STEP][PASSED] - case "empty mandatory fields":: null

2022-04-30 13:12:10 - [TEST_STEP][PASSED] - verifyElementHasAttribute(findTestObject("Object Repository/register page/btn_register"), "disabled", 3, STOP_ON_FAILURE): Object 'Object Repository/register page/btn_register' has attribute 'disabled'

2022-04-30 13:12:10 - [MESSAGE][PASSED] - Object 'Object Repository/register page/btn_register' has attribute 'disabled'

2022-04-30 13:12:10 - [TEST_STEP][PASSED] - break: null

2022-04-30 13:12:10 - [MESSAGE][PASSED] - Call Test Case 'Test Cases/pages/assertion register page' successfully

2022-04-30 13:12:10 - [TEST_STEP][PASSED] - if (individualRun): Browser is closed

2022-04-30 13:12:10 - [TEST_STEP][PASSED] - closeBrowser(STOP_ON_FAILURE): Browser is closed

2022-04-30 13:12:10 - [MESSAGE][PASSED] - Browser is closed]]></system-out>
         <system-err><![CDATA[]]></system-err>
      </testcase>
      <testcase name="Test Cases/test cases/negative test cases/TC13-as a user i cannot register with invalid name format" time="9.785" classname="Test Cases/test cases/negative test cases/TC13-as a user i cannot register with invalid name format" status="PASSED">
         <system-out><![CDATA[2022-04-30 13:12:10 - [TEST_CASE][PASSED] - Test Cases/test cases/negative test cases/TC13-as a user i cannot register with invalid name format: Test Cases/test cases/negative test cases/TC13-as a user i cannot register with invalid name format

2022-04-30 13:12:11 - [TEST_STEP][PASSED] - if (individualRun): Call Test Case 'Test Cases/pages/open browser and go to register page' successfully

2022-04-30 13:12:11 - [TEST_STEP][PASSED] - callTestCase(findTestCase("pages/open browser and go to register page"), [:], STOP_ON_FAILURE): Call Test Case 'Test Cases/pages/open browser and go to register page' successfully

2022-04-30 13:12:11 - [TEST_CASE][PASSED] - Test Cases/pages/open browser and go to register page: Test Cases/pages/open browser and go to register page

2022-04-30 13:12:11 - [TEST_STEP][PASSED] - openBrowser(basicURL, STOP_ON_FAILURE): Browser is opened with url: 'https://accounts.kitabisa.com/register'

2022-04-30 13:12:11 - [MESSAGE][INFO] - Starting 'Chrome' driver

2022-04-30 13:12:11 - [MESSAGE][INFO] - Action delay is set to 0 milliseconds

2022-04-30 13:12:14 - [MESSAGE][PASSED] - Browser is opened with url: 'https://accounts.kitabisa.com/register'

2022-04-30 13:12:14 - [TEST_STEP][PASSED] - maximizeWindow(): Current window maximized

2022-04-30 13:12:14 - [MESSAGE][PASSED] - Current window maximized

2022-04-30 13:12:14 - [MESSAGE][PASSED] - Call Test Case 'Test Cases/pages/open browser and go to register page' successfully

2022-04-30 13:12:14 - [TEST_STEP][PASSED] - callTestCase(findTestCase("Test Cases/pages/register new user account"), ["email":email, "name":name], STOP_ON_FAILURE): Call Test Case 'Test Cases/pages/register new user account' successfully

2022-04-30 13:12:14 - [TEST_CASE][PASSED] - Test Cases/pages/register new user account: Test Cases/pages/register new user account

2022-04-30 13:12:14 - [TEST_STEP][PASSED] - callTestCase(findTestCase("pages/open browser and go to register page"), [:], STOP_ON_FAILURE): Call Test Case 'Test Cases/pages/open browser and go to register page' successfully

2022-04-30 13:12:14 - [TEST_CASE][PASSED] - Test Cases/pages/open browser and go to register page: Test Cases/pages/open browser and go to register page

2022-04-30 13:12:14 - [TEST_STEP][PASSED] - openBrowser(basicURL, STOP_ON_FAILURE): Browser is opened with url: 'https://accounts.kitabisa.com/register'

2022-04-30 13:12:14 - [MESSAGE][WARNING] - A browser is already opened. Closing browser and opening a new one

2022-04-30 13:12:15 - [MESSAGE][INFO] - Starting 'Chrome' driver

2022-04-30 13:12:15 - [MESSAGE][INFO] - Action delay is set to 0 milliseconds

2022-04-30 13:12:18 - [MESSAGE][PASSED] - Browser is opened with url: 'https://accounts.kitabisa.com/register'

2022-04-30 13:12:18 - [TEST_STEP][PASSED] - maximizeWindow(): Current window maximized

2022-04-30 13:12:18 - [MESSAGE][PASSED] - Current window maximized

2022-04-30 13:12:18 - [MESSAGE][PASSED] - Call Test Case 'Test Cases/pages/open browser and go to register page' successfully

2022-04-30 13:12:18 - [TEST_STEP][PASSED] - if (email != ""): null

2022-04-30 13:12:18 - [TEST_STEP][PASSED] - callTestCase(findTestCase("Test Cases/pages/input user email"), ["email":email], STOP_ON_FAILURE): Call Test Case 'Test Cases/pages/input user email' successfully

2022-04-30 13:12:18 - [TEST_CASE][PASSED] - Test Cases/pages/input user email: Test Cases/pages/input user email

2022-04-30 13:12:18 - [TEST_STEP][PASSED] - sendKeys(findTestObject("Object Repository/register page/ipt_email"), email, STOP_ON_FAILURE): Keys 'test@test1.com' sent to object: 'Object Repository/register page/ipt_email'

2022-04-30 13:12:19 - [MESSAGE][PASSED] - Keys 'test@test1.com' sent to object: 'Object Repository/register page/ipt_email'

2022-04-30 13:12:19 - [MESSAGE][PASSED] - Call Test Case 'Test Cases/pages/input user email' successfully

2022-04-30 13:12:19 - [TEST_STEP][PASSED] - if (isEdit): null

2022-04-30 13:12:19 - [TEST_STEP][PASSED] - if (name != ""): Call Test Case 'Test Cases/pages/input user name' successfully

2022-04-30 13:12:19 - [TEST_STEP][PASSED] - callTestCase(findTestCase("Test Cases/pages/input user name"), ["name":name], STOP_ON_FAILURE): Call Test Case 'Test Cases/pages/input user name' successfully

2022-04-30 13:12:19 - [TEST_CASE][PASSED] - Test Cases/pages/input user name: Test Cases/pages/input user name

2022-04-30 13:12:19 - [TEST_STEP][PASSED] - sendKeys(findTestObject("Object Repository/register page/ipt_name"), name, STOP_ON_FAILURE): Keys '@d3' sent to object: 'Object Repository/register page/ipt_name'

2022-04-30 13:12:19 - [MESSAGE][PASSED] - Keys '@d3' sent to object: 'Object Repository/register page/ipt_name'

2022-04-30 13:12:19 - [MESSAGE][PASSED] - Call Test Case 'Test Cases/pages/input user name' successfully

2022-04-30 13:12:19 - [TEST_STEP][PASSED] - if (isRegister): null

2022-04-30 13:12:19 - [TEST_STEP][PASSED] - if (accountType != ""): null

2022-04-30 13:12:19 - [TEST_STEP][PASSED] - if (isLogin): null

2022-04-30 13:12:19 - [TEST_STEP][PASSED] - if (openTnC): null

2022-04-30 13:12:19 - [MESSAGE][PASSED] - Call Test Case 'Test Cases/pages/register new user account' successfully

2022-04-30 13:12:19 - [TEST_STEP][PASSED] - callTestCase(findTestCase("Test Cases/pages/assertion register page"), ["scenario":scenario], STOP_ON_FAILURE): Call Test Case 'Test Cases/pages/assertion register page' successfully

2022-04-30 13:12:19 - [TEST_CASE][PASSED] - Test Cases/pages/assertion register page: Test Cases/pages/assertion register page

2022-04-30 13:12:19 - [TEST_STEP][PASSED] - switch (scenario.toLowerCase()): null

2022-04-30 13:12:19 - [TEST_STEP][PASSED] - case "verify error message":: null

2022-04-30 13:12:19 - [TEST_STEP][PASSED] - verifyElementVisible(findTestObject("Object Repository/general element/txt_contains_value_dynamic", ["value":errMessage]), STOP_ON_FAILURE): Object 'Object Repository/general element/txt_contains_value_dynamic' is visible

2022-04-30 13:12:20 - [MESSAGE][PASSED] - Object 'Object Repository/general element/txt_contains_value_dynamic' is visible

2022-04-30 13:12:20 - [TEST_STEP][PASSED] - break: null

2022-04-30 13:12:20 - [MESSAGE][PASSED] - Call Test Case 'Test Cases/pages/assertion register page' successfully

2022-04-30 13:12:20 - [TEST_STEP][PASSED] - if (individualRun): Browser is closed

2022-04-30 13:12:20 - [TEST_STEP][PASSED] - closeBrowser(STOP_ON_FAILURE): Browser is closed

2022-04-30 13:12:20 - [MESSAGE][PASSED] - Browser is closed]]></system-out>
         <system-err><![CDATA[]]></system-err>
      </testcase>
      <testcase name="Test Cases/test cases/negative test cases/TC12-as a user i cannot input name more than 70 char" time="10.673" classname="Test Cases/test cases/negative test cases/TC12-as a user i cannot input name more than 70 char" status="PASSED">
         <system-out><![CDATA[2022-04-30 13:12:20 - [TEST_CASE][PASSED] - Test Cases/test cases/negative test cases/TC12-as a user i cannot input name more than 70 char: Test Cases/test cases/negative test cases/TC12-as a user i cannot input name more than 70 char

2022-04-30 13:12:20 - [TEST_STEP][PASSED] - if (individualRun): Call Test Case 'Test Cases/pages/open browser and go to register page' successfully

2022-04-30 13:12:20 - [TEST_STEP][PASSED] - callTestCase(findTestCase("pages/open browser and go to register page"), [:], STOP_ON_FAILURE): Call Test Case 'Test Cases/pages/open browser and go to register page' successfully

2022-04-30 13:12:20 - [TEST_CASE][PASSED] - Test Cases/pages/open browser and go to register page: Test Cases/pages/open browser and go to register page

2022-04-30 13:12:20 - [TEST_STEP][PASSED] - openBrowser(basicURL, STOP_ON_FAILURE): Browser is opened with url: 'https://accounts.kitabisa.com/register'

2022-04-30 13:12:20 - [MESSAGE][INFO] - Starting 'Chrome' driver

2022-04-30 13:12:20 - [MESSAGE][INFO] - Action delay is set to 0 milliseconds

2022-04-30 13:12:25 - [MESSAGE][PASSED] - Browser is opened with url: 'https://accounts.kitabisa.com/register'

2022-04-30 13:12:25 - [TEST_STEP][PASSED] - maximizeWindow(): Current window maximized

2022-04-30 13:12:25 - [MESSAGE][PASSED] - Current window maximized

2022-04-30 13:12:25 - [MESSAGE][PASSED] - Call Test Case 'Test Cases/pages/open browser and go to register page' successfully

2022-04-30 13:12:25 - [TEST_STEP][PASSED] - callTestCase(findTestCase("Test Cases/pages/register new user account"), ["email":email, "name":name], STOP_ON_FAILURE): Call Test Case 'Test Cases/pages/register new user account' successfully

2022-04-30 13:12:25 - [TEST_CASE][PASSED] - Test Cases/pages/register new user account: Test Cases/pages/register new user account

2022-04-30 13:12:25 - [TEST_STEP][PASSED] - callTestCase(findTestCase("pages/open browser and go to register page"), [:], STOP_ON_FAILURE): Call Test Case 'Test Cases/pages/open browser and go to register page' successfully

2022-04-30 13:12:25 - [TEST_CASE][PASSED] - Test Cases/pages/open browser and go to register page: Test Cases/pages/open browser and go to register page

2022-04-30 13:12:25 - [TEST_STEP][PASSED] - openBrowser(basicURL, STOP_ON_FAILURE): Browser is opened with url: 'https://accounts.kitabisa.com/register'

2022-04-30 13:12:25 - [MESSAGE][WARNING] - A browser is already opened. Closing browser and opening a new one

2022-04-30 13:12:25 - [MESSAGE][INFO] - Starting 'Chrome' driver

2022-04-30 13:12:25 - [MESSAGE][INFO] - Action delay is set to 0 milliseconds

2022-04-30 13:12:29 - [MESSAGE][PASSED] - Browser is opened with url: 'https://accounts.kitabisa.com/register'

2022-04-30 13:12:29 - [TEST_STEP][PASSED] - maximizeWindow(): Current window maximized

2022-04-30 13:12:29 - [MESSAGE][PASSED] - Current window maximized

2022-04-30 13:12:29 - [MESSAGE][PASSED] - Call Test Case 'Test Cases/pages/open browser and go to register page' successfully

2022-04-30 13:12:29 - [TEST_STEP][PASSED] - if (email != ""): null

2022-04-30 13:12:29 - [TEST_STEP][PASSED] - callTestCase(findTestCase("Test Cases/pages/input user email"), ["email":email], STOP_ON_FAILURE): Call Test Case 'Test Cases/pages/input user email' successfully

2022-04-30 13:12:29 - [TEST_CASE][PASSED] - Test Cases/pages/input user email: Test Cases/pages/input user email

2022-04-30 13:12:29 - [TEST_STEP][PASSED] - sendKeys(findTestObject("Object Repository/register page/ipt_email"), email, STOP_ON_FAILURE): Keys 'test@test1.com' sent to object: 'Object Repository/register page/ipt_email'

2022-04-30 13:12:29 - [MESSAGE][PASSED] - Keys 'test@test1.com' sent to object: 'Object Repository/register page/ipt_email'

2022-04-30 13:12:29 - [MESSAGE][PASSED] - Call Test Case 'Test Cases/pages/input user email' successfully

2022-04-30 13:12:29 - [TEST_STEP][PASSED] - if (isEdit): null

2022-04-30 13:12:29 - [TEST_STEP][PASSED] - if (name != ""): Call Test Case 'Test Cases/pages/input user name' successfully

2022-04-30 13:12:29 - [TEST_STEP][PASSED] - callTestCase(findTestCase("Test Cases/pages/input user name"), ["name":name], STOP_ON_FAILURE): Call Test Case 'Test Cases/pages/input user name' successfully

2022-04-30 13:12:29 - [TEST_CASE][PASSED] - Test Cases/pages/input user name: Test Cases/pages/input user name

2022-04-30 13:12:29 - [TEST_STEP][PASSED] - sendKeys(findTestObject("Object Repository/register page/ipt_name"), name, STOP_ON_FAILURE): Keys 'cjchvjvjgjsavffafaffagagagwqqgegeqgegegwrgggwhrwhrhrhrhhhhrhehetefgrwrewdddd' sent to object: 'Object Repository/register page/ipt_name'

2022-04-30 13:12:30 - [MESSAGE][PASSED] - Keys 'cjchvjvjgjsavffafaffagagagwqqgegeqgegegwrgggwhrwhrhrhrhhhhrhehetefgrwrewdddd' sent to object: 'Object Repository/register page/ipt_name'

2022-04-30 13:12:30 - [MESSAGE][PASSED] - Call Test Case 'Test Cases/pages/input user name' successfully

2022-04-30 13:12:30 - [TEST_STEP][PASSED] - if (isRegister): null

2022-04-30 13:12:30 - [TEST_STEP][PASSED] - if (accountType != ""): null

2022-04-30 13:12:30 - [TEST_STEP][PASSED] - if (isLogin): null

2022-04-30 13:12:30 - [TEST_STEP][PASSED] - if (openTnC): null

2022-04-30 13:12:30 - [MESSAGE][PASSED] - Call Test Case 'Test Cases/pages/register new user account' successfully

2022-04-30 13:12:30 - [TEST_STEP][PASSED] - callTestCase(findTestCase("Test Cases/pages/assertion register page"), ["scenario":scenario], STOP_ON_FAILURE): Call Test Case 'Test Cases/pages/assertion register page' successfully

2022-04-30 13:12:30 - [TEST_CASE][PASSED] - Test Cases/pages/assertion register page: Test Cases/pages/assertion register page

2022-04-30 13:12:30 - [TEST_STEP][PASSED] - switch (scenario.toLowerCase()): null

2022-04-30 13:12:30 - [TEST_STEP][PASSED] - case "verify error message":: null

2022-04-30 13:12:30 - [TEST_STEP][PASSED] - verifyElementVisible(findTestObject("Object Repository/general element/txt_contains_value_dynamic", ["value":errMessage]), STOP_ON_FAILURE): Object 'Object Repository/general element/txt_contains_value_dynamic' is visible

2022-04-30 13:12:31 - [MESSAGE][PASSED] - Object 'Object Repository/general element/txt_contains_value_dynamic' is visible

2022-04-30 13:12:31 - [TEST_STEP][PASSED] - break: null

2022-04-30 13:12:31 - [MESSAGE][PASSED] - Call Test Case 'Test Cases/pages/assertion register page' successfully

2022-04-30 13:12:31 - [TEST_STEP][PASSED] - if (individualRun): Browser is closed

2022-04-30 13:12:31 - [TEST_STEP][PASSED] - closeBrowser(STOP_ON_FAILURE): Browser is closed

2022-04-30 13:12:31 - [MESSAGE][PASSED] - Browser is closed]]></system-out>
         <system-err><![CDATA[]]></system-err>
      </testcase>
      <testcase name="Test Cases/test cases/negative test cases/TC09-as a user i cannot continue register if email is empty" time="10.298" classname="Test Cases/test cases/negative test cases/TC09-as a user i cannot continue register if email is empty" status="PASSED">
         <system-out><![CDATA[2022-04-30 13:12:31 - [TEST_CASE][PASSED] - Test Cases/test cases/negative test cases/TC09-as a user i cannot continue register if email is empty: Test Cases/test cases/negative test cases/TC09-as a user i cannot continue register if email is empty

2022-04-30 13:12:31 - [TEST_STEP][PASSED] - if (individualRun): Call Test Case 'Test Cases/pages/open browser and go to register page' successfully

2022-04-30 13:12:31 - [TEST_STEP][PASSED] - callTestCase(findTestCase("pages/open browser and go to register page"), [:], STOP_ON_FAILURE): Call Test Case 'Test Cases/pages/open browser and go to register page' successfully

2022-04-30 13:12:31 - [TEST_CASE][PASSED] - Test Cases/pages/open browser and go to register page: Test Cases/pages/open browser and go to register page

2022-04-30 13:12:31 - [TEST_STEP][PASSED] - openBrowser(basicURL, STOP_ON_FAILURE): Browser is opened with url: 'https://accounts.kitabisa.com/register'

2022-04-30 13:12:31 - [MESSAGE][INFO] - Starting 'Chrome' driver

2022-04-30 13:12:31 - [MESSAGE][INFO] - Action delay is set to 0 milliseconds

2022-04-30 13:12:35 - [MESSAGE][PASSED] - Browser is opened with url: 'https://accounts.kitabisa.com/register'

2022-04-30 13:12:35 - [TEST_STEP][PASSED] - maximizeWindow(): Current window maximized

2022-04-30 13:12:35 - [MESSAGE][PASSED] - Current window maximized

2022-04-30 13:12:35 - [MESSAGE][PASSED] - Call Test Case 'Test Cases/pages/open browser and go to register page' successfully

2022-04-30 13:12:35 - [TEST_STEP][PASSED] - callTestCase(findTestCase("Test Cases/pages/register new user account"), ["name":name], STOP_ON_FAILURE): Call Test Case 'Test Cases/pages/register new user account' successfully

2022-04-30 13:12:35 - [TEST_CASE][PASSED] - Test Cases/pages/register new user account: Test Cases/pages/register new user account

2022-04-30 13:12:36 - [TEST_STEP][PASSED] - callTestCase(findTestCase("pages/open browser and go to register page"), [:], STOP_ON_FAILURE): Call Test Case 'Test Cases/pages/open browser and go to register page' successfully

2022-04-30 13:12:36 - [TEST_CASE][PASSED] - Test Cases/pages/open browser and go to register page: Test Cases/pages/open browser and go to register page

2022-04-30 13:12:36 - [TEST_STEP][PASSED] - openBrowser(basicURL, STOP_ON_FAILURE): Browser is opened with url: 'https://accounts.kitabisa.com/register'

2022-04-30 13:12:36 - [MESSAGE][WARNING] - A browser is already opened. Closing browser and opening a new one

2022-04-30 13:12:36 - [MESSAGE][INFO] - Starting 'Chrome' driver

2022-04-30 13:12:36 - [MESSAGE][INFO] - Action delay is set to 0 milliseconds

2022-04-30 13:12:40 - [MESSAGE][PASSED] - Browser is opened with url: 'https://accounts.kitabisa.com/register'

2022-04-30 13:12:40 - [TEST_STEP][PASSED] - maximizeWindow(): Current window maximized

2022-04-30 13:12:40 - [MESSAGE][PASSED] - Current window maximized

2022-04-30 13:12:40 - [MESSAGE][PASSED] - Call Test Case 'Test Cases/pages/open browser and go to register page' successfully

2022-04-30 13:12:40 - [TEST_STEP][PASSED] - if (email != ""): null

2022-04-30 13:12:40 - [TEST_STEP][PASSED] - if (name != ""): Call Test Case 'Test Cases/pages/input user name' successfully

2022-04-30 13:12:40 - [TEST_STEP][PASSED] - callTestCase(findTestCase("Test Cases/pages/input user name"), ["name":name], STOP_ON_FAILURE): Call Test Case 'Test Cases/pages/input user name' successfully

2022-04-30 13:12:40 - [TEST_CASE][PASSED] - Test Cases/pages/input user name: Test Cases/pages/input user name

2022-04-30 13:12:40 - [TEST_STEP][PASSED] - sendKeys(findTestObject("Object Repository/register page/ipt_name"), name, STOP_ON_FAILURE): Keys 'testName' sent to object: 'Object Repository/register page/ipt_name'

2022-04-30 13:12:41 - [MESSAGE][PASSED] - Keys 'testName' sent to object: 'Object Repository/register page/ipt_name'

2022-04-30 13:12:41 - [MESSAGE][PASSED] - Call Test Case 'Test Cases/pages/input user name' successfully

2022-04-30 13:12:41 - [TEST_STEP][PASSED] - if (isRegister): null

2022-04-30 13:12:41 - [TEST_STEP][PASSED] - if (accountType != ""): null

2022-04-30 13:12:41 - [TEST_STEP][PASSED] - if (isLogin): null

2022-04-30 13:12:41 - [TEST_STEP][PASSED] - if (openTnC): null

2022-04-30 13:12:41 - [MESSAGE][PASSED] - Call Test Case 'Test Cases/pages/register new user account' successfully

2022-04-30 13:12:41 - [TEST_STEP][PASSED] - callTestCase(findTestCase("Test Cases/pages/assertion register page"), ["scenario":scenario], STOP_ON_FAILURE): Call Test Case 'Test Cases/pages/assertion register page' successfully

2022-04-30 13:12:41 - [TEST_CASE][PASSED] - Test Cases/pages/assertion register page: Test Cases/pages/assertion register page

2022-04-30 13:12:41 - [TEST_STEP][PASSED] - switch (scenario.toLowerCase()): null

2022-04-30 13:12:41 - [TEST_STEP][PASSED] - case "empty mandatory fields":: null

2022-04-30 13:12:41 - [TEST_STEP][PASSED] - verifyElementHasAttribute(findTestObject("Object Repository/register page/btn_register"), "disabled", 3, STOP_ON_FAILURE): Object 'Object Repository/register page/btn_register' has attribute 'disabled'

2022-04-30 13:12:41 - [MESSAGE][PASSED] - Object 'Object Repository/register page/btn_register' has attribute 'disabled'

2022-04-30 13:12:41 - [TEST_STEP][PASSED] - break: null

2022-04-30 13:12:41 - [MESSAGE][PASSED] - Call Test Case 'Test Cases/pages/assertion register page' successfully

2022-04-30 13:12:41 - [TEST_STEP][PASSED] - if (individualRun): Browser is closed

2022-04-30 13:12:41 - [TEST_STEP][PASSED] - closeBrowser(STOP_ON_FAILURE): Browser is closed

2022-04-30 13:12:41 - [MESSAGE][PASSED] - Browser is closed]]></system-out>
         <system-err><![CDATA[]]></system-err>
      </testcase>
      <testcase name="Test Cases/test cases/negative test cases/TC11-as a user i cannot register with invalid email format" time="17.384" classname="Test Cases/test cases/negative test cases/TC11-as a user i cannot register with invalid email format" status="PASSED">
         <system-out><![CDATA[2022-04-30 13:12:41 - [TEST_CASE][PASSED] - Test Cases/test cases/negative test cases/TC11-as a user i cannot register with invalid email format: Test Cases/test cases/negative test cases/TC11-as a user i cannot register with invalid email format

2022-04-30 13:12:41 - [TEST_STEP][PASSED] - if (individualRun): Call Test Case 'Test Cases/pages/open browser and go to register page' successfully

2022-04-30 13:12:41 - [TEST_STEP][PASSED] - callTestCase(findTestCase("pages/open browser and go to register page"), [:], STOP_ON_FAILURE): Call Test Case 'Test Cases/pages/open browser and go to register page' successfully

2022-04-30 13:12:41 - [TEST_CASE][PASSED] - Test Cases/pages/open browser and go to register page: Test Cases/pages/open browser and go to register page

2022-04-30 13:12:41 - [TEST_STEP][PASSED] - openBrowser(basicURL, STOP_ON_FAILURE): Browser is opened with url: 'https://accounts.kitabisa.com/register'

2022-04-30 13:12:41 - [MESSAGE][INFO] - Starting 'Chrome' driver

2022-04-30 13:12:41 - [MESSAGE][INFO] - Action delay is set to 0 milliseconds

2022-04-30 13:12:47 - [MESSAGE][PASSED] - Browser is opened with url: 'https://accounts.kitabisa.com/register'

2022-04-30 13:12:47 - [TEST_STEP][PASSED] - maximizeWindow(): Current window maximized

2022-04-30 13:12:47 - [MESSAGE][PASSED] - Current window maximized

2022-04-30 13:12:47 - [MESSAGE][PASSED] - Call Test Case 'Test Cases/pages/open browser and go to register page' successfully

2022-04-30 13:12:47 - [TEST_STEP][PASSED] - callTestCase(findTestCase("Test Cases/pages/register new user account"), ["email":email, "name":name], STOP_ON_FAILURE): Call Test Case 'Test Cases/pages/register new user account' successfully

2022-04-30 13:12:48 - [TEST_CASE][PASSED] - Test Cases/pages/register new user account: Test Cases/pages/register new user account

2022-04-30 13:12:48 - [TEST_STEP][PASSED] - callTestCase(findTestCase("pages/open browser and go to register page"), [:], STOP_ON_FAILURE): Call Test Case 'Test Cases/pages/open browser and go to register page' successfully

2022-04-30 13:12:48 - [TEST_CASE][PASSED] - Test Cases/pages/open browser and go to register page: Test Cases/pages/open browser and go to register page

2022-04-30 13:12:48 - [TEST_STEP][PASSED] - openBrowser(basicURL, STOP_ON_FAILURE): Browser is opened with url: 'https://accounts.kitabisa.com/register'

2022-04-30 13:12:48 - [MESSAGE][WARNING] - A browser is already opened. Closing browser and opening a new one

2022-04-30 13:12:48 - [MESSAGE][INFO] - Starting 'Chrome' driver

2022-04-30 13:12:48 - [MESSAGE][INFO] - Action delay is set to 0 milliseconds

2022-04-30 13:12:54 - [MESSAGE][PASSED] - Browser is opened with url: 'https://accounts.kitabisa.com/register'

2022-04-30 13:12:54 - [TEST_STEP][PASSED] - maximizeWindow(): Current window maximized

2022-04-30 13:12:55 - [MESSAGE][PASSED] - Current window maximized

2022-04-30 13:12:55 - [MESSAGE][PASSED] - Call Test Case 'Test Cases/pages/open browser and go to register page' successfully

2022-04-30 13:12:55 - [TEST_STEP][PASSED] - if (email != ""): null

2022-04-30 13:12:55 - [TEST_STEP][PASSED] - callTestCase(findTestCase("Test Cases/pages/input user email"), ["email":email], STOP_ON_FAILURE): Call Test Case 'Test Cases/pages/input user email' successfully

2022-04-30 13:12:55 - [TEST_CASE][PASSED] - Test Cases/pages/input user email: Test Cases/pages/input user email

2022-04-30 13:12:55 - [TEST_STEP][PASSED] - sendKeys(findTestObject("Object Repository/register page/ipt_email"), email, STOP_ON_FAILURE): Keys 'test' sent to object: 'Object Repository/register page/ipt_email'

2022-04-30 13:12:57 - [MESSAGE][PASSED] - Keys 'test' sent to object: 'Object Repository/register page/ipt_email'

2022-04-30 13:12:57 - [MESSAGE][PASSED] - Call Test Case 'Test Cases/pages/input user email' successfully

2022-04-30 13:12:57 - [TEST_STEP][PASSED] - if (isEdit): null

2022-04-30 13:12:57 - [TEST_STEP][PASSED] - if (name != ""): Call Test Case 'Test Cases/pages/input user name' successfully

2022-04-30 13:12:57 - [TEST_STEP][PASSED] - callTestCase(findTestCase("Test Cases/pages/input user name"), ["name":name], STOP_ON_FAILURE): Call Test Case 'Test Cases/pages/input user name' successfully

2022-04-30 13:12:57 - [TEST_CASE][PASSED] - Test Cases/pages/input user name: Test Cases/pages/input user name

2022-04-30 13:12:57 - [TEST_STEP][PASSED] - sendKeys(findTestObject("Object Repository/register page/ipt_name"), name, STOP_ON_FAILURE): Keys 'testName' sent to object: 'Object Repository/register page/ipt_name'

2022-04-30 13:12:58 - [MESSAGE][PASSED] - Keys 'testName' sent to object: 'Object Repository/register page/ipt_name'

2022-04-30 13:12:58 - [MESSAGE][PASSED] - Call Test Case 'Test Cases/pages/input user name' successfully

2022-04-30 13:12:58 - [TEST_STEP][PASSED] - if (isRegister): null

2022-04-30 13:12:58 - [TEST_STEP][PASSED] - if (accountType != ""): null

2022-04-30 13:12:58 - [TEST_STEP][PASSED] - if (isLogin): null

2022-04-30 13:12:58 - [TEST_STEP][PASSED] - if (openTnC): null

2022-04-30 13:12:58 - [MESSAGE][PASSED] - Call Test Case 'Test Cases/pages/register new user account' successfully

2022-04-30 13:12:58 - [TEST_STEP][PASSED] - callTestCase(findTestCase("Test Cases/pages/assertion register page"), ["scenario":scenario], STOP_ON_FAILURE): Call Test Case 'Test Cases/pages/assertion register page' successfully

2022-04-30 13:12:58 - [TEST_CASE][PASSED] - Test Cases/pages/assertion register page: Test Cases/pages/assertion register page

2022-04-30 13:12:58 - [TEST_STEP][PASSED] - switch (scenario.toLowerCase()): null

2022-04-30 13:12:58 - [TEST_STEP][PASSED] - case "verify error message":: null

2022-04-30 13:12:58 - [TEST_STEP][PASSED] - verifyElementVisible(findTestObject("Object Repository/general element/txt_contains_value_dynamic", ["value":errMessage]), STOP_ON_FAILURE): Object 'Object Repository/general element/txt_contains_value_dynamic' is visible

2022-04-30 13:12:58 - [MESSAGE][PASSED] - Object 'Object Repository/general element/txt_contains_value_dynamic' is visible

2022-04-30 13:12:58 - [TEST_STEP][PASSED] - break: null

2022-04-30 13:12:58 - [MESSAGE][PASSED] - Call Test Case 'Test Cases/pages/assertion register page' successfully

2022-04-30 13:12:58 - [TEST_STEP][PASSED] - if (individualRun): Browser is closed

2022-04-30 13:12:58 - [TEST_STEP][PASSED] - closeBrowser(STOP_ON_FAILURE): Browser is closed

2022-04-30 13:12:58 - [MESSAGE][PASSED] - Browser is closed]]></system-out>
         <system-err><![CDATA[]]></system-err>
      </testcase>
      <system-out><![CDATA[2022-04-30 13:11:57 - [TEST_SUITE][PASSED] - user register negative test cases: Test Cases/test cases/negative test cases/TC11-as a user i cannot register with invalid email format]]></system-out>
      <system-err><![CDATA[]]></system-err>
   </testsuite>
</testsuites>
