<?xml version="1.0" encoding="UTF-8"?>
<testsuites name="user register positive cases" time="97.904" tests="9" failures="0" errors="0">
   <testsuite name="user register positive cases" tests="9" failures="0" errors="0" time="97.904" skipped="0" timestamp="2022-04-30 13:03:22" hostname="lailatul.ramadhani - localhost" id="Test Suites/user register positive cases">
      <properties>
         <property name="deviceName" value=""/>
         <property name="devicePlatform" value=""/>
         <property name="logFolder" value="/Users/lailatul.ramadhani/Katalon Studio/kitabisa/Reports/20220430_130305/user register positive cases/20220430_130305"/>
         <property name="logFiles" value="/Users/lailatul.ramadhani/Katalon Studio/kitabisa/Reports/20220430_130305/user register positive cases/20220430_130305/execution0.log"/>
         <property name="attachments" value=""/>
         <property name="hostName" value="lailatul.ramadhani - localhost"/>
         <property name="os" value="Mac OS X 64bit"/>
         <property name="katalonVersion" value="8.2.0.208"/>
         <property name="browser" value="Chrome 100.0.4896.127"/>
         <property name="hostAddress" value="127.0.0.1"/>
         <property name="sessionId" value="efc3545491715ae30c5abe685be3fc28"/>
         <property name="seleniumVersion" value="3.141.59"/>
         <property name="proxyInformation" value="ProxyInformation { proxyOption=NO_PROXY, proxyServerType=HTTP, username=, password=********, proxyServerAddress=, proxyServerPort=0, executionList=&quot;&quot;, isApplyToDesiredCapabilities=true }"/>
         <property name="platform" value="Mac OS X"/>
      </properties>
      <testcase name="Test Cases/test cases/positive test cases/TC05-as a user i can go to login page if already have account" time="8.355" classname="Test Cases/test cases/positive test cases/TC05-as a user i can go to login page if already have account" status="PASSED">
         <system-out><![CDATA[2022-04-30 13:03:29 - [TEST_CASE][PASSED] - Test Cases/test cases/positive test cases/TC05-as a user i can go to login page if already have account: Test Cases/test cases/positive test cases/TC05-as a user i can go to login page if already have account

2022-04-30 13:03:29 - [TEST_STEP][PASSED] - Start setup action : setupTestCase: Method 'setupTestCase' complete successfully

2022-04-30 13:03:29 - [TEST_STEP][PASSED] - individualRun = false: null

2022-04-30 13:03:29 - [MESSAGE][PASSED] - Method 'setupTestCase' complete successfully

2022-04-30 13:03:29 - [TEST_STEP][PASSED] - if (individualRun): null

2022-04-30 13:03:29 - [TEST_STEP][PASSED] - callTestCase(findTestCase("Test Cases/pages/register new user account"), ["isLogin":isLogin], STOP_ON_FAILURE): Call Test Case 'Test Cases/pages/register new user account' successfully

2022-04-30 13:03:29 - [TEST_CASE][PASSED] - Test Cases/pages/register new user account: Test Cases/pages/register new user account

2022-04-30 13:03:30 - [TEST_STEP][PASSED] - callTestCase(findTestCase("pages/open browser and go to register page"), [:], STOP_ON_FAILURE): Call Test Case 'Test Cases/pages/open browser and go to register page' successfully

2022-04-30 13:03:30 - [TEST_CASE][PASSED] - Test Cases/pages/open browser and go to register page: Test Cases/pages/open browser and go to register page

2022-04-30 13:03:30 - [TEST_STEP][PASSED] - openBrowser(basicURL, STOP_ON_FAILURE): Browser is opened with url: 'https://accounts.kitabisa.com/register'

2022-04-30 13:03:30 - [MESSAGE][WARNING] - A browser is already opened. Closing browser and opening a new one

2022-04-30 13:03:30 - [MESSAGE][INFO] - Starting 'Chrome' driver

2022-04-30 13:03:30 - [MESSAGE][INFO] - Action delay is set to 0 milliseconds

2022-04-30 13:03:35 - [MESSAGE][PASSED] - Browser is opened with url: 'https://accounts.kitabisa.com/register'

2022-04-30 13:03:35 - [TEST_STEP][PASSED] - maximizeWindow(): Current window maximized

2022-04-30 13:03:35 - [MESSAGE][PASSED] - Current window maximized

2022-04-30 13:03:35 - [MESSAGE][PASSED] - Call Test Case 'Test Cases/pages/open browser and go to register page' successfully

2022-04-30 13:03:35 - [TEST_STEP][PASSED] - if (email != ""): null

2022-04-30 13:03:35 - [TEST_STEP][PASSED] - if (name != ""): null

2022-04-30 13:03:35 - [TEST_STEP][PASSED] - if (isRegister): null

2022-04-30 13:03:35 - [TEST_STEP][PASSED] - if (accountType != ""): null

2022-04-30 13:03:35 - [TEST_STEP][PASSED] - if (isLogin): Call Test Case 'Test Cases/pages/click login link' successfully

2022-04-30 13:03:35 - [TEST_STEP][PASSED] - callTestCase(findTestCase("Test Cases/pages/click login link"), [:], STOP_ON_FAILURE): Call Test Case 'Test Cases/pages/click login link' successfully

2022-04-30 13:03:35 - [TEST_CASE][PASSED] - Test Cases/pages/click login link: Test Cases/pages/click login link

2022-04-30 13:03:35 - [TEST_STEP][PASSED] - click(findTestObject("Object Repository/register page/a_login_link"), STOP_ON_FAILURE): Object: 'Object Repository/register page/a_login_link' is clicked on

2022-04-30 13:03:36 - [MESSAGE][PASSED] - Object: 'Object Repository/register page/a_login_link' is clicked on

2022-04-30 13:03:36 - [TEST_STEP][PASSED] - waitForPageLoad(1): Wait for page load successfully

2022-04-30 13:03:36 - [MESSAGE][PASSED] - Wait for page load successfully

2022-04-30 13:03:36 - [MESSAGE][PASSED] - Call Test Case 'Test Cases/pages/click login link' successfully

2022-04-30 13:03:36 - [TEST_STEP][PASSED] - if (openTnC): null

2022-04-30 13:03:36 - [MESSAGE][PASSED] - Call Test Case 'Test Cases/pages/register new user account' successfully

2022-04-30 13:03:36 - [TEST_STEP][PASSED] - scenario.each({ java.lang.Object value -> ... }): Call Test Case 'Test Cases/pages/assertion register page' successfully

2022-04-30 13:03:36 - [TEST_CASE][PASSED] - Test Cases/pages/assertion register page: Test Cases/pages/assertion register page

2022-04-30 13:03:36 - [TEST_STEP][PASSED] - switch (scenario.toLowerCase()): null

2022-04-30 13:03:36 - [MESSAGE][PASSED] - Call Test Case 'Test Cases/pages/assertion register page' successfully

2022-04-30 13:03:36 - [TEST_CASE][PASSED] - Test Cases/pages/assertion register page: Test Cases/pages/assertion register page

2022-04-30 13:03:36 - [TEST_STEP][PASSED] - switch (scenario.toLowerCase()): null

2022-04-30 13:03:36 - [TEST_STEP][PASSED] - case "verify header title":: null

2022-04-30 13:03:36 - [TEST_STEP][PASSED] - (isLogin) ? com.kms.katalon.core.webui.keyword.WebUiBuiltInKeywords.verifyElementVisible(com.kms.katalon.core.testobject.ObjectRepository.findTestObject(Object Repository/register page/header_title_dynamic, [value:Masuk]), com.kms.katalon.core.model.FailureHandling.STOP_ON_FAILURE) : com.kms.katalon.core.webui.keyword.WebUiBuiltInKeywords.verifyElementVisible(com.kms.katalon.core.testobject.ObjectRepository.findTestObject(Object Repository/register page/header_title_dynamic, [value:Daftar]), com.kms.katalon.core.model.FailureHandling.STOP_ON_FAILURE): Object 'Object Repository/register page/header_title_dynamic' is visible

2022-04-30 13:03:37 - [MESSAGE][PASSED] - Object 'Object Repository/register page/header_title_dynamic' is visible

2022-04-30 13:03:37 - [TEST_STEP][PASSED] - break: null

2022-04-30 13:03:37 - [MESSAGE][PASSED] - Call Test Case 'Test Cases/pages/assertion register page' successfully

2022-04-30 13:03:37 - [TEST_STEP][PASSED] - if (individualRun): null

2022-04-30 13:03:37 - [TEST_STEP][PASSED] - Start tear down : tearDownTestCase: Method 'tearDownTestCase' complete successfully

2022-04-30 13:03:37 - [TEST_STEP][PASSED] - navigateToUrl(basicURL, STOP_ON_FAILURE): Navigate to 'https://accounts.kitabisa.com/register' successfully

2022-04-30 13:03:37 - [MESSAGE][PASSED] - Navigate to 'https://accounts.kitabisa.com/register' successfully

2022-04-30 13:03:37 - [MESSAGE][PASSED] - Method 'tearDownTestCase' complete successfully]]></system-out>
         <system-err><![CDATA[]]></system-err>
      </testcase>
      <testcase name="Test Cases/test cases/positive test cases/TC02-as a user i can register with apple id" time="5.586" classname="Test Cases/test cases/positive test cases/TC02-as a user i can register with apple id" status="PASSED">
         <system-out><![CDATA[2022-04-30 13:03:37 - [TEST_CASE][PASSED] - Test Cases/test cases/positive test cases/TC02-as a user i can register with apple id: Test Cases/test cases/positive test cases/TC02-as a user i can register with apple id

2022-04-30 13:03:37 - [TEST_STEP][PASSED] - Start setup action : setupTestCase: Method 'setupTestCase' complete successfully

2022-04-30 13:03:37 - [TEST_STEP][PASSED] - individualRun = false: null

2022-04-30 13:03:37 - [MESSAGE][PASSED] - Method 'setupTestCase' complete successfully

2022-04-30 13:03:38 - [TEST_STEP][PASSED] - if (individualRun): null

2022-04-30 13:03:38 - [TEST_STEP][PASSED] - callTestCase(findTestCase("Test Cases/pages/register new user account"), ["accountType":accountType], STOP_ON_FAILURE): Call Test Case 'Test Cases/pages/register new user account' successfully

2022-04-30 13:03:38 - [TEST_CASE][PASSED] - Test Cases/pages/register new user account: Test Cases/pages/register new user account

2022-04-30 13:03:38 - [TEST_STEP][PASSED] - callTestCase(findTestCase("pages/open browser and go to register page"), [:], STOP_ON_FAILURE): Call Test Case 'Test Cases/pages/open browser and go to register page' successfully

2022-04-30 13:03:38 - [TEST_CASE][PASSED] - Test Cases/pages/open browser and go to register page: Test Cases/pages/open browser and go to register page

2022-04-30 13:03:38 - [TEST_STEP][PASSED] - openBrowser(basicURL, STOP_ON_FAILURE): Browser is opened with url: 'https://accounts.kitabisa.com/register'

2022-04-30 13:03:38 - [MESSAGE][WARNING] - A browser is already opened. Closing browser and opening a new one

2022-04-30 13:03:38 - [MESSAGE][INFO] - Starting 'Chrome' driver

2022-04-30 13:03:38 - [MESSAGE][INFO] - Action delay is set to 0 milliseconds

2022-04-30 13:03:42 - [MESSAGE][PASSED] - Browser is opened with url: 'https://accounts.kitabisa.com/register'

2022-04-30 13:03:42 - [TEST_STEP][PASSED] - maximizeWindow(): Current window maximized

2022-04-30 13:03:42 - [MESSAGE][PASSED] - Current window maximized

2022-04-30 13:03:42 - [MESSAGE][PASSED] - Call Test Case 'Test Cases/pages/open browser and go to register page' successfully

2022-04-30 13:03:42 - [TEST_STEP][PASSED] - if (email != ""): null

2022-04-30 13:03:42 - [TEST_STEP][PASSED] - if (name != ""): null

2022-04-30 13:03:42 - [TEST_STEP][PASSED] - if (isRegister): null

2022-04-30 13:03:42 - [TEST_STEP][PASSED] - if (accountType != ""): Call Test Case 'Test Cases/pages/click button register with account dynamic' successfully

2022-04-30 13:03:42 - [TEST_STEP][PASSED] - callTestCase(findTestCase("pages/click button register with account dynamic"), ["accountType":accountType], STOP_ON_FAILURE): Call Test Case 'Test Cases/pages/click button register with account dynamic' successfully

2022-04-30 13:03:42 - [TEST_CASE][PASSED] - Test Cases/pages/click button register with account dynamic: Test Cases/pages/click button register with account dynamic

2022-04-30 13:03:42 - [TEST_STEP][PASSED] - click(findTestObject("register page/btn_register_with_account_dynamic", ["value":accountType]), STOP_ON_FAILURE): Object: 'Object Repository/register page/btn_register_with_account_dynamic' is clicked on

2022-04-30 13:03:42 - [MESSAGE][PASSED] - Object: 'Object Repository/register page/btn_register_with_account_dynamic' is clicked on

2022-04-30 13:03:42 - [MESSAGE][PASSED] - Call Test Case 'Test Cases/pages/click button register with account dynamic' successfully

2022-04-30 13:03:42 - [TEST_STEP][PASSED] - if (isLogin): null

2022-04-30 13:03:42 - [TEST_STEP][PASSED] - if (openTnC): null

2022-04-30 13:03:42 - [MESSAGE][PASSED] - Call Test Case 'Test Cases/pages/register new user account' successfully

2022-04-30 13:03:42 - [TEST_STEP][PASSED] - callTestCase(findTestCase("Test Cases/pages/assertion register page"), ["scenario":scenario, "expectedURL":expectedURL], STOP_ON_FAILURE): Call Test Case 'Test Cases/pages/assertion register page' successfully

2022-04-30 13:03:42 - [TEST_CASE][PASSED] - Test Cases/pages/assertion register page: Test Cases/pages/assertion register page

2022-04-30 13:03:42 - [TEST_STEP][PASSED] - switch (scenario.toLowerCase()): null

2022-04-30 13:03:42 - [MESSAGE][PASSED] - Call Test Case 'Test Cases/pages/assertion register page' successfully

2022-04-30 13:03:42 - [TEST_STEP][PASSED] - if (individualRun): null

2022-04-30 13:03:42 - [TEST_STEP][PASSED] - Start tear down : tearDownTestCase: Method 'tearDownTestCase' complete successfully

2022-04-30 13:03:42 - [TEST_STEP][PASSED] - navigateToUrl(basicURL, STOP_ON_FAILURE): Navigate to 'https://accounts.kitabisa.com/register' successfully

2022-04-30 13:03:43 - [MESSAGE][PASSED] - Navigate to 'https://accounts.kitabisa.com/register' successfully

2022-04-30 13:03:43 - [MESSAGE][PASSED] - Method 'tearDownTestCase' complete successfully]]></system-out>
         <system-err><![CDATA[]]></system-err>
      </testcase>
      <testcase name="Test Cases/test cases/positive test cases/TC04-as a user i can register with facebook" time="5.72" classname="Test Cases/test cases/positive test cases/TC04-as a user i can register with facebook" status="PASSED">
         <system-out><![CDATA[2022-04-30 13:03:43 - [TEST_CASE][PASSED] - Test Cases/test cases/positive test cases/TC04-as a user i can register with facebook: Test Cases/test cases/positive test cases/TC04-as a user i can register with facebook

2022-04-30 13:03:43 - [TEST_STEP][PASSED] - Start setup action : setupTestCase: Method 'setupTestCase' complete successfully

2022-04-30 13:03:43 - [TEST_STEP][PASSED] - individualRun = false: null

2022-04-30 13:03:43 - [MESSAGE][PASSED] - Method 'setupTestCase' complete successfully

2022-04-30 13:03:43 - [TEST_STEP][PASSED] - if (individualRun): null

2022-04-30 13:03:43 - [TEST_STEP][PASSED] - callTestCase(findTestCase("Test Cases/pages/register new user account"), ["accountType":accountType], STOP_ON_FAILURE): Call Test Case 'Test Cases/pages/register new user account' successfully

2022-04-30 13:03:43 - [TEST_CASE][PASSED] - Test Cases/pages/register new user account: Test Cases/pages/register new user account

2022-04-30 13:03:43 - [TEST_STEP][PASSED] - callTestCase(findTestCase("pages/open browser and go to register page"), [:], STOP_ON_FAILURE): Call Test Case 'Test Cases/pages/open browser and go to register page' successfully

2022-04-30 13:03:43 - [TEST_CASE][PASSED] - Test Cases/pages/open browser and go to register page: Test Cases/pages/open browser and go to register page

2022-04-30 13:03:43 - [TEST_STEP][PASSED] - openBrowser(basicURL, STOP_ON_FAILURE): Browser is opened with url: 'https://accounts.kitabisa.com/register'

2022-04-30 13:03:43 - [MESSAGE][WARNING] - A browser is already opened. Closing browser and opening a new one

2022-04-30 13:03:43 - [MESSAGE][INFO] - Starting 'Chrome' driver

2022-04-30 13:03:43 - [MESSAGE][INFO] - Action delay is set to 0 milliseconds

2022-04-30 13:03:47 - [MESSAGE][PASSED] - Browser is opened with url: 'https://accounts.kitabisa.com/register'

2022-04-30 13:03:47 - [TEST_STEP][PASSED] - maximizeWindow(): Current window maximized

2022-04-30 13:03:48 - [MESSAGE][PASSED] - Current window maximized

2022-04-30 13:03:48 - [MESSAGE][PASSED] - Call Test Case 'Test Cases/pages/open browser and go to register page' successfully

2022-04-30 13:03:48 - [TEST_STEP][PASSED] - if (email != ""): null

2022-04-30 13:03:48 - [TEST_STEP][PASSED] - if (name != ""): null

2022-04-30 13:03:48 - [TEST_STEP][PASSED] - if (isRegister): null

2022-04-30 13:03:48 - [TEST_STEP][PASSED] - if (accountType != ""): Call Test Case 'Test Cases/pages/click button register with account dynamic' successfully

2022-04-30 13:03:48 - [TEST_STEP][PASSED] - callTestCase(findTestCase("pages/click button register with account dynamic"), ["accountType":accountType], STOP_ON_FAILURE): Call Test Case 'Test Cases/pages/click button register with account dynamic' successfully

2022-04-30 13:03:48 - [TEST_CASE][PASSED] - Test Cases/pages/click button register with account dynamic: Test Cases/pages/click button register with account dynamic

2022-04-30 13:03:48 - [TEST_STEP][PASSED] - click(findTestObject("register page/btn_register_with_account_dynamic", ["value":accountType]), STOP_ON_FAILURE): Object: 'Object Repository/register page/btn_register_with_account_dynamic' is clicked on

2022-04-30 13:03:48 - [MESSAGE][PASSED] - Object: 'Object Repository/register page/btn_register_with_account_dynamic' is clicked on

2022-04-30 13:03:48 - [MESSAGE][PASSED] - Call Test Case 'Test Cases/pages/click button register with account dynamic' successfully

2022-04-30 13:03:48 - [TEST_STEP][PASSED] - if (isLogin): null

2022-04-30 13:03:48 - [TEST_STEP][PASSED] - if (openTnC): null

2022-04-30 13:03:48 - [MESSAGE][PASSED] - Call Test Case 'Test Cases/pages/register new user account' successfully

2022-04-30 13:03:48 - [TEST_STEP][PASSED] - callTestCase(findTestCase("Test Cases/pages/assertion register page"), ["scenario":scenario, "expectedURL":expectedURL], STOP_ON_FAILURE): Call Test Case 'Test Cases/pages/assertion register page' successfully

2022-04-30 13:03:48 - [TEST_CASE][PASSED] - Test Cases/pages/assertion register page: Test Cases/pages/assertion register page

2022-04-30 13:03:48 - [TEST_STEP][PASSED] - switch (scenario.toLowerCase()): null

2022-04-30 13:03:48 - [MESSAGE][PASSED] - Call Test Case 'Test Cases/pages/assertion register page' successfully

2022-04-30 13:03:48 - [TEST_STEP][PASSED] - if (individualRun): null

2022-04-30 13:03:48 - [TEST_STEP][PASSED] - Start tear down : tearDownTestCase: Method 'tearDownTestCase' complete successfully

2022-04-30 13:03:48 - [TEST_STEP][PASSED] - navigateToUrl(basicURL, STOP_ON_FAILURE): Navigate to 'https://accounts.kitabisa.com/register' successfully

2022-04-30 13:03:49 - [MESSAGE][PASSED] - Navigate to 'https://accounts.kitabisa.com/register' successfully

2022-04-30 13:03:49 - [MESSAGE][PASSED] - Method 'tearDownTestCase' complete successfully]]></system-out>
         <system-err><![CDATA[]]></system-err>
      </testcase>
      <testcase name="Test Cases/test cases/positive test cases/TC03-as a user i can register with google" time="5.895" classname="Test Cases/test cases/positive test cases/TC03-as a user i can register with google" status="PASSED">
         <system-out><![CDATA[2022-04-30 13:03:49 - [TEST_CASE][PASSED] - Test Cases/test cases/positive test cases/TC03-as a user i can register with google: Test Cases/test cases/positive test cases/TC03-as a user i can register with google

2022-04-30 13:03:49 - [TEST_STEP][PASSED] - Start setup action : setupTestCase: Method 'setupTestCase' complete successfully

2022-04-30 13:03:49 - [TEST_STEP][PASSED] - individualRun = false: null

2022-04-30 13:03:49 - [MESSAGE][PASSED] - Method 'setupTestCase' complete successfully

2022-04-30 13:03:49 - [TEST_STEP][PASSED] - if (individualRun): null

2022-04-30 13:03:49 - [TEST_STEP][PASSED] - callTestCase(findTestCase("Test Cases/pages/register new user account"), ["accountType":accountType], STOP_ON_FAILURE): Call Test Case 'Test Cases/pages/register new user account' successfully

2022-04-30 13:03:49 - [TEST_CASE][PASSED] - Test Cases/pages/register new user account: Test Cases/pages/register new user account

2022-04-30 13:03:49 - [TEST_STEP][PASSED] - callTestCase(findTestCase("pages/open browser and go to register page"), [:], STOP_ON_FAILURE): Call Test Case 'Test Cases/pages/open browser and go to register page' successfully

2022-04-30 13:03:49 - [TEST_CASE][PASSED] - Test Cases/pages/open browser and go to register page: Test Cases/pages/open browser and go to register page

2022-04-30 13:03:49 - [TEST_STEP][PASSED] - openBrowser(basicURL, STOP_ON_FAILURE): Browser is opened with url: 'https://accounts.kitabisa.com/register'

2022-04-30 13:03:49 - [MESSAGE][WARNING] - A browser is already opened. Closing browser and opening a new one

2022-04-30 13:03:49 - [MESSAGE][INFO] - Starting 'Chrome' driver

2022-04-30 13:03:49 - [MESSAGE][INFO] - Action delay is set to 0 milliseconds

2022-04-30 13:03:53 - [MESSAGE][PASSED] - Browser is opened with url: 'https://accounts.kitabisa.com/register'

2022-04-30 13:03:53 - [TEST_STEP][PASSED] - maximizeWindow(): Current window maximized

2022-04-30 13:03:53 - [MESSAGE][PASSED] - Current window maximized

2022-04-30 13:03:53 - [MESSAGE][PASSED] - Call Test Case 'Test Cases/pages/open browser and go to register page' successfully

2022-04-30 13:03:53 - [TEST_STEP][PASSED] - if (email != ""): null

2022-04-30 13:03:53 - [TEST_STEP][PASSED] - if (name != ""): null

2022-04-30 13:03:53 - [TEST_STEP][PASSED] - if (isRegister): null

2022-04-30 13:03:53 - [TEST_STEP][PASSED] - if (accountType != ""): Call Test Case 'Test Cases/pages/click button register with account dynamic' successfully

2022-04-30 13:03:53 - [TEST_STEP][PASSED] - callTestCase(findTestCase("pages/click button register with account dynamic"), ["accountType":accountType], STOP_ON_FAILURE): Call Test Case 'Test Cases/pages/click button register with account dynamic' successfully

2022-04-30 13:03:53 - [TEST_CASE][PASSED] - Test Cases/pages/click button register with account dynamic: Test Cases/pages/click button register with account dynamic

2022-04-30 13:03:54 - [TEST_STEP][PASSED] - click(findTestObject("register page/btn_register_with_account_dynamic", ["value":accountType]), STOP_ON_FAILURE): Object: 'Object Repository/register page/btn_register_with_account_dynamic' is clicked on

2022-04-30 13:03:54 - [MESSAGE][PASSED] - Object: 'Object Repository/register page/btn_register_with_account_dynamic' is clicked on

2022-04-30 13:03:54 - [MESSAGE][PASSED] - Call Test Case 'Test Cases/pages/click button register with account dynamic' successfully

2022-04-30 13:03:54 - [TEST_STEP][PASSED] - if (isLogin): null

2022-04-30 13:03:54 - [TEST_STEP][PASSED] - if (openTnC): null

2022-04-30 13:03:54 - [MESSAGE][PASSED] - Call Test Case 'Test Cases/pages/register new user account' successfully

2022-04-30 13:03:54 - [TEST_STEP][PASSED] - callTestCase(findTestCase("Test Cases/pages/assertion register page"), ["scenario":scenario, "expectedURL":expectedURL], STOP_ON_FAILURE): Call Test Case 'Test Cases/pages/assertion register page' successfully

2022-04-30 13:03:54 - [TEST_CASE][PASSED] - Test Cases/pages/assertion register page: Test Cases/pages/assertion register page

2022-04-30 13:03:54 - [TEST_STEP][PASSED] - switch (scenario.toLowerCase()): null

2022-04-30 13:03:54 - [MESSAGE][PASSED] - Call Test Case 'Test Cases/pages/assertion register page' successfully

2022-04-30 13:03:54 - [TEST_STEP][PASSED] - if (individualRun): null

2022-04-30 13:03:54 - [TEST_STEP][PASSED] - Start tear down : tearDownTestCase: Method 'tearDownTestCase' complete successfully

2022-04-30 13:03:54 - [TEST_STEP][PASSED] - navigateToUrl(basicURL, STOP_ON_FAILURE): Navigate to 'https://accounts.kitabisa.com/register' successfully

2022-04-30 13:03:55 - [MESSAGE][PASSED] - Navigate to 'https://accounts.kitabisa.com/register' successfully

2022-04-30 13:03:55 - [MESSAGE][PASSED] - Method 'tearDownTestCase' complete successfully]]></system-out>
         <system-err><![CDATA[]]></system-err>
      </testcase>
      <testcase name="Test Cases/test cases/positive test cases/TC06-as a user i can go to terms and condition page" time="9.031" classname="Test Cases/test cases/positive test cases/TC06-as a user i can go to terms and condition page" status="PASSED">
         <system-out><![CDATA[2022-04-30 13:03:55 - [TEST_CASE][PASSED] - Test Cases/test cases/positive test cases/TC06-as a user i can go to terms and condition page: Test Cases/test cases/positive test cases/TC06-as a user i can go to terms and condition page

2022-04-30 13:03:55 - [TEST_STEP][PASSED] - Start setup action : setupTestCase: Method 'setupTestCase' complete successfully

2022-04-30 13:03:55 - [TEST_STEP][PASSED] - individualRun = false: null

2022-04-30 13:03:55 - [MESSAGE][PASSED] - Method 'setupTestCase' complete successfully

2022-04-30 13:03:55 - [TEST_STEP][PASSED] - if (individualRun): null

2022-04-30 13:03:55 - [TEST_STEP][PASSED] - callTestCase(findTestCase("Test Cases/pages/register new user account"), ["openTnC":openTnC], STOP_ON_FAILURE): Call Test Case 'Test Cases/pages/register new user account' successfully

2022-04-30 13:03:55 - [TEST_CASE][PASSED] - Test Cases/pages/register new user account: Test Cases/pages/register new user account

2022-04-30 13:03:55 - [TEST_STEP][PASSED] - callTestCase(findTestCase("pages/open browser and go to register page"), [:], STOP_ON_FAILURE): Call Test Case 'Test Cases/pages/open browser and go to register page' successfully

2022-04-30 13:03:55 - [TEST_CASE][PASSED] - Test Cases/pages/open browser and go to register page: Test Cases/pages/open browser and go to register page

2022-04-30 13:03:55 - [TEST_STEP][PASSED] - openBrowser(basicURL, STOP_ON_FAILURE): Browser is opened with url: 'https://accounts.kitabisa.com/register'

2022-04-30 13:03:55 - [MESSAGE][WARNING] - A browser is already opened. Closing browser and opening a new one

2022-04-30 13:03:55 - [MESSAGE][INFO] - Starting 'Chrome' driver

2022-04-30 13:03:55 - [MESSAGE][INFO] - Action delay is set to 0 milliseconds

2022-04-30 13:03:59 - [MESSAGE][PASSED] - Browser is opened with url: 'https://accounts.kitabisa.com/register'

2022-04-30 13:03:59 - [TEST_STEP][PASSED] - maximizeWindow(): Current window maximized

2022-04-30 13:03:59 - [MESSAGE][PASSED] - Current window maximized

2022-04-30 13:03:59 - [MESSAGE][PASSED] - Call Test Case 'Test Cases/pages/open browser and go to register page' successfully

2022-04-30 13:03:59 - [TEST_STEP][PASSED] - if (email != ""): null

2022-04-30 13:03:59 - [TEST_STEP][PASSED] - if (name != ""): null

2022-04-30 13:03:59 - [TEST_STEP][PASSED] - if (isRegister): null

2022-04-30 13:03:59 - [TEST_STEP][PASSED] - if (accountType != ""): null

2022-04-30 13:03:59 - [TEST_STEP][PASSED] - if (isLogin): null

2022-04-30 13:03:59 - [TEST_STEP][PASSED] - if (openTnC): Call Test Case 'Test Cases/pages/open terms and condition' successfully

2022-04-30 13:03:59 - [TEST_STEP][PASSED] - callTestCase(findTestCase("Test Cases/pages/open terms and condition"), [:], STOP_ON_FAILURE): Call Test Case 'Test Cases/pages/open terms and condition' successfully

2022-04-30 13:03:59 - [TEST_CASE][PASSED] - Test Cases/pages/open terms and condition: Test Cases/pages/open terms and condition

2022-04-30 13:03:59 - [TEST_STEP][PASSED] - click(findTestObject("Object Repository/register page/a_terms_condition"), STOP_ON_FAILURE): Object: 'Object Repository/register page/a_terms_condition' is clicked on

2022-04-30 13:04:00 - [MESSAGE][PASSED] - Object: 'Object Repository/register page/a_terms_condition' is clicked on

2022-04-30 13:04:00 - [MESSAGE][PASSED] - Call Test Case 'Test Cases/pages/open terms and condition' successfully

2022-04-30 13:04:00 - [MESSAGE][PASSED] - Call Test Case 'Test Cases/pages/register new user account' successfully

2022-04-30 13:04:00 - [TEST_STEP][PASSED] - switchToWindowIndex(1): Switched to window with index: '1'

2022-04-30 13:04:00 - [MESSAGE][PASSED] - Switched to window with index: '1'

2022-04-30 13:04:00 - [TEST_STEP][PASSED] - callTestCase(findTestCase("Test Cases/pages/assertion register page"), ["scenario":scenario, "expectedURL":expectedURL], STOP_ON_FAILURE): Call Test Case 'Test Cases/pages/assertion register page' successfully

2022-04-30 13:04:00 - [TEST_CASE][PASSED] - Test Cases/pages/assertion register page: Test Cases/pages/assertion register page

2022-04-30 13:04:00 - [TEST_STEP][PASSED] - switch (scenario.toLowerCase()): null

2022-04-30 13:04:00 - [MESSAGE][PASSED] - Call Test Case 'Test Cases/pages/assertion register page' successfully

2022-04-30 13:04:00 - [TEST_STEP][PASSED] - if (individualRun): null

2022-04-30 13:04:00 - [TEST_STEP][PASSED] - Start tear down : tearDownTestCase: Method 'tearDownTestCase' complete successfully

2022-04-30 13:04:00 - [TEST_STEP][PASSED] - navigateToUrl(basicURL, STOP_ON_FAILURE): Navigate to 'https://accounts.kitabisa.com/register' successfully

2022-04-30 13:04:04 - [MESSAGE][PASSED] - Navigate to 'https://accounts.kitabisa.com/register' successfully

2022-04-30 13:04:04 - [MESSAGE][PASSED] - Method 'tearDownTestCase' complete successfully]]></system-out>
         <system-err><![CDATA[]]></system-err>
      </testcase>
      <testcase name="Test Cases/test cases/positive test cases/TC01-as a user i can register with valid email and name" time="14.367" classname="Test Cases/test cases/positive test cases/TC01-as a user i can register with valid email and name" status="PASSED">
         <system-out><![CDATA[2022-04-30 13:04:04 - [TEST_CASE][PASSED] - Test Cases/test cases/positive test cases/TC01-as a user i can register with valid email and name: Test Cases/test cases/positive test cases/TC01-as a user i can register with valid email and name

2022-04-30 13:04:04 - [TEST_STEP][PASSED] - Start setup action : setupTestCase: Method 'setupTestCase' complete successfully

2022-04-30 13:04:04 - [TEST_STEP][PASSED] - individualRun = false: null

2022-04-30 13:04:04 - [MESSAGE][PASSED] - Method 'setupTestCase' complete successfully

2022-04-30 13:04:04 - [TEST_STEP][PASSED] - if (individualRun): null

2022-04-30 13:04:04 - [TEST_STEP][PASSED] - callTestCase(findTestCase("Test Cases/pages/register new user account"), ["email":email, "name":name, "isRegister":isRegister], STOP_ON_FAILURE): Call Test Case 'Test Cases/pages/register new user account' successfully

2022-04-30 13:04:04 - [TEST_CASE][PASSED] - Test Cases/pages/register new user account: Test Cases/pages/register new user account

2022-04-30 13:04:04 - [TEST_STEP][PASSED] - callTestCase(findTestCase("pages/open browser and go to register page"), [:], STOP_ON_FAILURE): Call Test Case 'Test Cases/pages/open browser and go to register page' successfully

2022-04-30 13:04:04 - [TEST_CASE][PASSED] - Test Cases/pages/open browser and go to register page: Test Cases/pages/open browser and go to register page

2022-04-30 13:04:04 - [TEST_STEP][PASSED] - openBrowser(basicURL, STOP_ON_FAILURE): Browser is opened with url: 'https://accounts.kitabisa.com/register'

2022-04-30 13:04:04 - [MESSAGE][WARNING] - A browser is already opened. Closing browser and opening a new one

2022-04-30 13:04:04 - [MESSAGE][INFO] - Starting 'Chrome' driver

2022-04-30 13:04:04 - [MESSAGE][INFO] - Action delay is set to 0 milliseconds

2022-04-30 13:04:09 - [MESSAGE][PASSED] - Browser is opened with url: 'https://accounts.kitabisa.com/register'

2022-04-30 13:04:09 - [TEST_STEP][PASSED] - maximizeWindow(): Current window maximized

2022-04-30 13:04:09 - [MESSAGE][PASSED] - Current window maximized

2022-04-30 13:04:09 - [MESSAGE][PASSED] - Call Test Case 'Test Cases/pages/open browser and go to register page' successfully

2022-04-30 13:04:09 - [TEST_STEP][PASSED] - if (email != ""): null

2022-04-30 13:04:09 - [TEST_STEP][PASSED] - callTestCase(findTestCase("Test Cases/pages/input user email"), ["email":email], STOP_ON_FAILURE): Call Test Case 'Test Cases/pages/input user email' successfully

2022-04-30 13:04:09 - [TEST_CASE][PASSED] - Test Cases/pages/input user email: Test Cases/pages/input user email

2022-04-30 13:04:09 - [TEST_STEP][PASSED] - sendKeys(findTestObject("Object Repository/register page/ipt_email"), email, STOP_ON_FAILURE): Keys 'test@test1.com' sent to object: 'Object Repository/register page/ipt_email'

2022-04-30 13:04:10 - [MESSAGE][PASSED] - Keys 'test@test1.com' sent to object: 'Object Repository/register page/ipt_email'

2022-04-30 13:04:10 - [MESSAGE][PASSED] - Call Test Case 'Test Cases/pages/input user email' successfully

2022-04-30 13:04:10 - [TEST_STEP][PASSED] - if (isEdit): null

2022-04-30 13:04:10 - [TEST_STEP][PASSED] - if (name != ""): Call Test Case 'Test Cases/pages/input user name' successfully

2022-04-30 13:04:10 - [TEST_STEP][PASSED] - callTestCase(findTestCase("Test Cases/pages/input user name"), ["name":name], STOP_ON_FAILURE): Call Test Case 'Test Cases/pages/input user name' successfully

2022-04-30 13:04:10 - [TEST_CASE][PASSED] - Test Cases/pages/input user name: Test Cases/pages/input user name

2022-04-30 13:04:10 - [TEST_STEP][PASSED] - sendKeys(findTestObject("Object Repository/register page/ipt_name"), name, STOP_ON_FAILURE): Keys 'testName' sent to object: 'Object Repository/register page/ipt_name'

2022-04-30 13:04:10 - [MESSAGE][PASSED] - Keys 'testName' sent to object: 'Object Repository/register page/ipt_name'

2022-04-30 13:04:10 - [MESSAGE][PASSED] - Call Test Case 'Test Cases/pages/input user name' successfully

2022-04-30 13:04:10 - [TEST_STEP][PASSED] - if (isRegister): Call Test Case 'Test Cases/pages/click button register' successfully

2022-04-30 13:04:10 - [TEST_STEP][PASSED] - callTestCase(findTestCase("Test Cases/pages/click button register"), [:], STOP_ON_FAILURE): Call Test Case 'Test Cases/pages/click button register' successfully

2022-04-30 13:04:10 - [TEST_CASE][PASSED] - Test Cases/pages/click button register: Test Cases/pages/click button register

2022-04-30 13:04:11 - [TEST_STEP][PASSED] - click(findTestObject("Object Repository/register page/btn_register"), STOP_ON_FAILURE): Object: 'Object Repository/register page/btn_register' is clicked on

2022-04-30 13:04:11 - [MESSAGE][PASSED] - Object: 'Object Repository/register page/btn_register' is clicked on

2022-04-30 13:04:11 - [TEST_STEP][PASSED] - waitForPageLoad(1): Wait for page load successfully

2022-04-30 13:04:11 - [MESSAGE][PASSED] - Wait for page load successfully

2022-04-30 13:04:11 - [MESSAGE][PASSED] - Call Test Case 'Test Cases/pages/click button register' successfully

2022-04-30 13:04:11 - [TEST_STEP][PASSED] - if (accountType != ""): null

2022-04-30 13:04:11 - [TEST_STEP][PASSED] - if (isLogin): null

2022-04-30 13:04:11 - [TEST_STEP][PASSED] - if (openTnC): null

2022-04-30 13:04:11 - [MESSAGE][PASSED] - Call Test Case 'Test Cases/pages/register new user account' successfully

2022-04-30 13:04:11 - [TEST_STEP][PASSED] - callTestCase(findTestCase("Test Cases/pages/assertion register page"), ["scenario":scenario], STOP_ON_FAILURE): Call Test Case 'Test Cases/pages/assertion register page' successfully

2022-04-30 13:04:11 - [TEST_CASE][PASSED] - Test Cases/pages/assertion register page: Test Cases/pages/assertion register page

2022-04-30 13:04:11 - [TEST_STEP][PASSED] - switch (scenario.toLowerCase()): null

2022-04-30 13:04:11 - [TEST_STEP][PASSED] - case "normal flow":: null

2022-04-30 13:04:11 - [TEST_STEP][PASSED] - verifyElementVisible(findTestObject("Object Repository/otp page/div_counter_otp"), STOP_ON_FAILURE): Object 'Object Repository/otp page/div_counter_otp' is visible

2022-04-30 13:04:14 - [MESSAGE][PASSED] - Object 'Object Repository/otp page/div_counter_otp' is visible

2022-04-30 13:04:14 - [TEST_STEP][PASSED] - verifyElementHasAttribute(findTestObject("register page/btn_contains_value_dynamic", ["value":"Verifikasi"]), "disabled", 0, STOP_ON_FAILURE): Object 'Object Repository/register page/btn_contains_value_dynamic' has attribute 'disabled'

2022-04-30 13:04:14 - [MESSAGE][WARNING] - Timeout '0' is invalid. Using default page load timeout: '30'

2022-04-30 13:04:14 - [MESSAGE][PASSED] - Object 'Object Repository/register page/btn_contains_value_dynamic' has attribute 'disabled'

2022-04-30 13:04:14 - [TEST_STEP][PASSED] - for ([i = 1, i <= 6, (i++)]): Object 'Object Repository/otp page/ipt_otp_dynamic' is visible

2022-04-30 13:04:14 - [TEST_STEP][PASSED] - verifyElementVisible(findTestObject("Object Repository/otp page/ipt_otp_dynamic", ["index":i]), STOP_ON_FAILURE): Object 'Object Repository/otp page/ipt_otp_dynamic' is visible

2022-04-30 13:04:15 - [MESSAGE][PASSED] - Object 'Object Repository/otp page/ipt_otp_dynamic' is visible

2022-04-30 13:04:15 - [TEST_STEP][PASSED] - verifyElementVisible(findTestObject("Object Repository/otp page/ipt_otp_dynamic", ["index":i]), STOP_ON_FAILURE): Object 'Object Repository/otp page/ipt_otp_dynamic' is visible

2022-04-30 13:04:15 - [MESSAGE][PASSED] - Object 'Object Repository/otp page/ipt_otp_dynamic' is visible

2022-04-30 13:04:15 - [TEST_STEP][PASSED] - verifyElementVisible(findTestObject("Object Repository/otp page/ipt_otp_dynamic", ["index":i]), STOP_ON_FAILURE): Object 'Object Repository/otp page/ipt_otp_dynamic' is visible

2022-04-30 13:04:16 - [MESSAGE][PASSED] - Object 'Object Repository/otp page/ipt_otp_dynamic' is visible

2022-04-30 13:04:16 - [TEST_STEP][PASSED] - verifyElementVisible(findTestObject("Object Repository/otp page/ipt_otp_dynamic", ["index":i]), STOP_ON_FAILURE): Object 'Object Repository/otp page/ipt_otp_dynamic' is visible

2022-04-30 13:04:16 - [MESSAGE][PASSED] - Object 'Object Repository/otp page/ipt_otp_dynamic' is visible

2022-04-30 13:04:16 - [TEST_STEP][PASSED] - verifyElementVisible(findTestObject("Object Repository/otp page/ipt_otp_dynamic", ["index":i]), STOP_ON_FAILURE): Object 'Object Repository/otp page/ipt_otp_dynamic' is visible

2022-04-30 13:04:17 - [MESSAGE][PASSED] - Object 'Object Repository/otp page/ipt_otp_dynamic' is visible

2022-04-30 13:04:17 - [TEST_STEP][PASSED] - verifyElementVisible(findTestObject("Object Repository/otp page/ipt_otp_dynamic", ["index":i]), STOP_ON_FAILURE): Object 'Object Repository/otp page/ipt_otp_dynamic' is visible

2022-04-30 13:04:17 - [MESSAGE][PASSED] - Object 'Object Repository/otp page/ipt_otp_dynamic' is visible

2022-04-30 13:04:17 - [TEST_STEP][PASSED] - break: null

2022-04-30 13:04:17 - [MESSAGE][PASSED] - Call Test Case 'Test Cases/pages/assertion register page' successfully

2022-04-30 13:04:17 - [TEST_STEP][PASSED] - if (individualRun): null

2022-04-30 13:04:17 - [TEST_STEP][PASSED] - Start tear down : tearDownTestCase: Method 'tearDownTestCase' complete successfully

2022-04-30 13:04:17 - [TEST_STEP][PASSED] - navigateToUrl(basicURL, STOP_ON_FAILURE): Navigate to 'https://accounts.kitabisa.com/register' successfully

2022-04-30 13:04:18 - [MESSAGE][PASSED] - Navigate to 'https://accounts.kitabisa.com/register' successfully

2022-04-30 13:04:18 - [MESSAGE][PASSED] - Method 'tearDownTestCase' complete successfully]]></system-out>
         <system-err><![CDATA[]]></system-err>
      </testcase>
      <testcase name="Test Cases/test cases/positive test cases/TC06-as a user i can go to terms and condition page" time="17.441" classname="Test Cases/test cases/positive test cases/TC06-as a user i can go to terms and condition page" status="PASSED">
         <system-out><![CDATA[2022-04-30 13:04:18 - [TEST_CASE][PASSED] - Test Cases/test cases/positive test cases/TC06-as a user i can go to terms and condition page: Test Cases/test cases/positive test cases/TC06-as a user i can go to terms and condition page

2022-04-30 13:04:18 - [TEST_STEP][PASSED] - Start setup action : setupTestCase: Method 'setupTestCase' complete successfully

2022-04-30 13:04:18 - [TEST_STEP][PASSED] - individualRun = false: null

2022-04-30 13:04:18 - [MESSAGE][PASSED] - Method 'setupTestCase' complete successfully

2022-04-30 13:04:18 - [TEST_STEP][PASSED] - if (individualRun): null

2022-04-30 13:04:18 - [TEST_STEP][PASSED] - callTestCase(findTestCase("Test Cases/pages/register new user account"), ["openTnC":openTnC], STOP_ON_FAILURE): Call Test Case 'Test Cases/pages/register new user account' successfully

2022-04-30 13:04:18 - [TEST_CASE][PASSED] - Test Cases/pages/register new user account: Test Cases/pages/register new user account

2022-04-30 13:04:18 - [TEST_STEP][PASSED] - callTestCase(findTestCase("pages/open browser and go to register page"), [:], STOP_ON_FAILURE): Call Test Case 'Test Cases/pages/open browser and go to register page' successfully

2022-04-30 13:04:18 - [TEST_CASE][PASSED] - Test Cases/pages/open browser and go to register page: Test Cases/pages/open browser and go to register page

2022-04-30 13:04:18 - [TEST_STEP][PASSED] - openBrowser(basicURL, STOP_ON_FAILURE): Browser is opened with url: 'https://accounts.kitabisa.com/register'

2022-04-30 13:04:18 - [MESSAGE][WARNING] - A browser is already opened. Closing browser and opening a new one

2022-04-30 13:04:18 - [MESSAGE][INFO] - Starting 'Chrome' driver

2022-04-30 13:04:18 - [MESSAGE][INFO] - Action delay is set to 0 milliseconds

2022-04-30 13:04:30 - [MESSAGE][PASSED] - Browser is opened with url: 'https://accounts.kitabisa.com/register'

2022-04-30 13:04:30 - [TEST_STEP][PASSED] - maximizeWindow(): Current window maximized

2022-04-30 13:04:30 - [MESSAGE][PASSED] - Current window maximized

2022-04-30 13:04:30 - [MESSAGE][PASSED] - Call Test Case 'Test Cases/pages/open browser and go to register page' successfully

2022-04-30 13:04:30 - [TEST_STEP][PASSED] - if (email != ""): null

2022-04-30 13:04:30 - [TEST_STEP][PASSED] - if (name != ""): null

2022-04-30 13:04:30 - [TEST_STEP][PASSED] - if (isRegister): null

2022-04-30 13:04:30 - [TEST_STEP][PASSED] - if (accountType != ""): null

2022-04-30 13:04:30 - [TEST_STEP][PASSED] - if (isLogin): null

2022-04-30 13:04:30 - [TEST_STEP][PASSED] - if (openTnC): Call Test Case 'Test Cases/pages/open terms and condition' successfully

2022-04-30 13:04:30 - [TEST_STEP][PASSED] - callTestCase(findTestCase("Test Cases/pages/open terms and condition"), [:], STOP_ON_FAILURE): Call Test Case 'Test Cases/pages/open terms and condition' successfully

2022-04-30 13:04:30 - [TEST_CASE][PASSED] - Test Cases/pages/open terms and condition: Test Cases/pages/open terms and condition

2022-04-30 13:04:30 - [TEST_STEP][PASSED] - click(findTestObject("Object Repository/register page/a_terms_condition"), STOP_ON_FAILURE): Object: 'Object Repository/register page/a_terms_condition' is clicked on

2022-04-30 13:04:31 - [MESSAGE][PASSED] - Object: 'Object Repository/register page/a_terms_condition' is clicked on

2022-04-30 13:04:31 - [MESSAGE][PASSED] - Call Test Case 'Test Cases/pages/open terms and condition' successfully

2022-04-30 13:04:31 - [MESSAGE][PASSED] - Call Test Case 'Test Cases/pages/register new user account' successfully

2022-04-30 13:04:31 - [TEST_STEP][PASSED] - switchToWindowIndex(1): Switched to window with index: '1'

2022-04-30 13:04:31 - [MESSAGE][PASSED] - Switched to window with index: '1'

2022-04-30 13:04:31 - [TEST_STEP][PASSED] - callTestCase(findTestCase("Test Cases/pages/assertion register page"), ["scenario":scenario, "expectedURL":expectedURL], STOP_ON_FAILURE): Call Test Case 'Test Cases/pages/assertion register page' successfully

2022-04-30 13:04:31 - [TEST_CASE][PASSED] - Test Cases/pages/assertion register page: Test Cases/pages/assertion register page

2022-04-30 13:04:31 - [TEST_STEP][PASSED] - switch (scenario.toLowerCase()): null

2022-04-30 13:04:31 - [MESSAGE][PASSED] - Call Test Case 'Test Cases/pages/assertion register page' successfully

2022-04-30 13:04:31 - [TEST_STEP][PASSED] - if (individualRun): null

2022-04-30 13:04:31 - [TEST_STEP][PASSED] - Start tear down : tearDownTestCase: Method 'tearDownTestCase' complete successfully

2022-04-30 13:04:31 - [TEST_STEP][PASSED] - navigateToUrl(basicURL, STOP_ON_FAILURE): Navigate to 'https://accounts.kitabisa.com/register' successfully

2022-04-30 13:04:35 - [MESSAGE][PASSED] - Navigate to 'https://accounts.kitabisa.com/register' successfully

2022-04-30 13:04:35 - [MESSAGE][PASSED] - Method 'tearDownTestCase' complete successfully]]></system-out>
         <system-err><![CDATA[]]></system-err>
      </testcase>
      <testcase name="Test Cases/test cases/positive test cases/TC07-as a user i can edit my email before click register" time="13.694" classname="Test Cases/test cases/positive test cases/TC07-as a user i can edit my email before click register" status="PASSED">
         <system-out><![CDATA[2022-04-30 13:04:35 - [TEST_CASE][PASSED] - Test Cases/test cases/positive test cases/TC07-as a user i can edit my email before click register: Test Cases/test cases/positive test cases/TC07-as a user i can edit my email before click register

2022-04-30 13:04:35 - [TEST_STEP][PASSED] - Start setup action : setupTestCase: Method 'setupTestCase' complete successfully

2022-04-30 13:04:35 - [TEST_STEP][PASSED] - individualRun = false: null

2022-04-30 13:04:35 - [MESSAGE][PASSED] - Method 'setupTestCase' complete successfully

2022-04-30 13:04:36 - [TEST_STEP][PASSED] - if (individualRun): null

2022-04-30 13:04:36 - [TEST_STEP][PASSED] - callTestCase(findTestCase("Test Cases/pages/register new user account"), ["email":email, "isEdit":isEdit, "newEmail":newEmail, "name":name, "isRegister":isRegister], STOP_ON_FAILURE): Call Test Case 'Test Cases/pages/register new user account' successfully

2022-04-30 13:04:36 - [TEST_CASE][PASSED] - Test Cases/pages/register new user account: Test Cases/pages/register new user account

2022-04-30 13:04:36 - [TEST_STEP][PASSED] - callTestCase(findTestCase("pages/open browser and go to register page"), [:], STOP_ON_FAILURE): Call Test Case 'Test Cases/pages/open browser and go to register page' successfully

2022-04-30 13:04:36 - [TEST_CASE][PASSED] - Test Cases/pages/open browser and go to register page: Test Cases/pages/open browser and go to register page

2022-04-30 13:04:36 - [TEST_STEP][PASSED] - openBrowser(basicURL, STOP_ON_FAILURE): Browser is opened with url: 'https://accounts.kitabisa.com/register'

2022-04-30 13:04:36 - [MESSAGE][WARNING] - A browser is already opened. Closing browser and opening a new one

2022-04-30 13:04:36 - [MESSAGE][INFO] - Starting 'Chrome' driver

2022-04-30 13:04:36 - [MESSAGE][INFO] - Action delay is set to 0 milliseconds

2022-04-30 13:04:40 - [MESSAGE][PASSED] - Browser is opened with url: 'https://accounts.kitabisa.com/register'

2022-04-30 13:04:40 - [TEST_STEP][PASSED] - maximizeWindow(): Current window maximized

2022-04-30 13:04:40 - [MESSAGE][PASSED] - Current window maximized

2022-04-30 13:04:40 - [MESSAGE][PASSED] - Call Test Case 'Test Cases/pages/open browser and go to register page' successfully

2022-04-30 13:04:40 - [TEST_STEP][PASSED] - if (email != ""): Call Test Case 'Test Cases/pages/input user email' successfully

2022-04-30 13:04:40 - [TEST_STEP][PASSED] - callTestCase(findTestCase("Test Cases/pages/input user email"), ["email":email], STOP_ON_FAILURE): Call Test Case 'Test Cases/pages/input user email' successfully

2022-04-30 13:04:40 - [TEST_CASE][PASSED] - Test Cases/pages/input user email: Test Cases/pages/input user email

2022-04-30 13:04:40 - [TEST_STEP][PASSED] - sendKeys(findTestObject("Object Repository/register page/ipt_email"), email, STOP_ON_FAILURE): Keys 'test@test1.com' sent to object: 'Object Repository/register page/ipt_email'

2022-04-30 13:04:40 - [MESSAGE][PASSED] - Keys 'test@test1.com' sent to object: 'Object Repository/register page/ipt_email'

2022-04-30 13:04:40 - [MESSAGE][PASSED] - Call Test Case 'Test Cases/pages/input user email' successfully

2022-04-30 13:04:40 - [TEST_STEP][PASSED] - if (isEdit): Call Test Case 'Test Cases/pages/input user email' successfully

2022-04-30 13:04:40 - [TEST_STEP][PASSED] - callTestCase(findTestCase("Test Cases/pages/click button edit email"), ["oldEmail":email], STOP_ON_FAILURE): Call Test Case 'Test Cases/pages/click button edit email' successfully

2022-04-30 13:04:41 - [TEST_CASE][PASSED] - Test Cases/pages/click button edit email: Test Cases/pages/click button edit email

2022-04-30 13:04:41 - [TEST_STEP][PASSED] - verifyElementVisible(findTestObject("Object Repository/register page/btn_edit_email"), STOP_ON_FAILURE): Object 'Object Repository/register page/btn_edit_email' is visible

2022-04-30 13:04:41 - [MESSAGE][PASSED] - Object 'Object Repository/register page/btn_edit_email' is visible

2022-04-30 13:04:41 - [TEST_STEP][PASSED] - click(findTestObject("Object Repository/register page/btn_edit_email"), STOP_ON_FAILURE): Object: 'Object Repository/register page/btn_edit_email' is clicked on

2022-04-30 13:04:41 - [MESSAGE][PASSED] - Object: 'Object Repository/register page/btn_edit_email' is clicked on

2022-04-30 13:04:41 - [TEST_STEP][PASSED] - verifyTextNotPresent(oldEmail, false, STOP_ON_FAILURE): Text 'test@test1.com' is not present on page

2022-04-30 13:04:42 - [MESSAGE][PASSED] - Text 'test@test1.com' is not present on page

2022-04-30 13:04:42 - [MESSAGE][PASSED] - Call Test Case 'Test Cases/pages/click button edit email' successfully

2022-04-30 13:04:42 - [TEST_STEP][PASSED] - callTestCase(findTestCase("Test Cases/pages/input user email"), ["email":newEmail], STOP_ON_FAILURE): Call Test Case 'Test Cases/pages/input user email' successfully

2022-04-30 13:04:42 - [TEST_CASE][PASSED] - Test Cases/pages/input user email: Test Cases/pages/input user email

2022-04-30 13:04:42 - [TEST_STEP][PASSED] - sendKeys(findTestObject("Object Repository/register page/ipt_email"), email, STOP_ON_FAILURE): Keys 'test1@test1.com' sent to object: 'Object Repository/register page/ipt_email'

2022-04-30 13:04:43 - [MESSAGE][PASSED] - Keys 'test1@test1.com' sent to object: 'Object Repository/register page/ipt_email'

2022-04-30 13:04:43 - [MESSAGE][PASSED] - Call Test Case 'Test Cases/pages/input user email' successfully

2022-04-30 13:04:43 - [TEST_STEP][PASSED] - if (name != ""): Call Test Case 'Test Cases/pages/input user name' successfully

2022-04-30 13:04:43 - [TEST_STEP][PASSED] - callTestCase(findTestCase("Test Cases/pages/input user name"), ["name":name], STOP_ON_FAILURE): Call Test Case 'Test Cases/pages/input user name' successfully

2022-04-30 13:04:43 - [TEST_CASE][PASSED] - Test Cases/pages/input user name: Test Cases/pages/input user name

2022-04-30 13:04:43 - [TEST_STEP][PASSED] - sendKeys(findTestObject("Object Repository/register page/ipt_name"), name, STOP_ON_FAILURE): Keys 'testName' sent to object: 'Object Repository/register page/ipt_name'

2022-04-30 13:04:43 - [MESSAGE][PASSED] - Keys 'testName' sent to object: 'Object Repository/register page/ipt_name'

2022-04-30 13:04:43 - [MESSAGE][PASSED] - Call Test Case 'Test Cases/pages/input user name' successfully

2022-04-30 13:04:43 - [TEST_STEP][PASSED] - if (isRegister): Call Test Case 'Test Cases/pages/click button register' successfully

2022-04-30 13:04:43 - [TEST_STEP][PASSED] - callTestCase(findTestCase("Test Cases/pages/click button register"), [:], STOP_ON_FAILURE): Call Test Case 'Test Cases/pages/click button register' successfully

2022-04-30 13:04:43 - [TEST_CASE][PASSED] - Test Cases/pages/click button register: Test Cases/pages/click button register

2022-04-30 13:04:43 - [TEST_STEP][PASSED] - click(findTestObject("Object Repository/register page/btn_register"), STOP_ON_FAILURE): Object: 'Object Repository/register page/btn_register' is clicked on

2022-04-30 13:04:44 - [MESSAGE][PASSED] - Object: 'Object Repository/register page/btn_register' is clicked on

2022-04-30 13:04:44 - [TEST_STEP][PASSED] - waitForPageLoad(1): Wait for page load successfully

2022-04-30 13:04:44 - [MESSAGE][PASSED] - Wait for page load successfully

2022-04-30 13:04:44 - [MESSAGE][PASSED] - Call Test Case 'Test Cases/pages/click button register' successfully

2022-04-30 13:04:44 - [TEST_STEP][PASSED] - if (accountType != ""): null

2022-04-30 13:04:44 - [TEST_STEP][PASSED] - if (isLogin): null

2022-04-30 13:04:44 - [TEST_STEP][PASSED] - if (openTnC): null

2022-04-30 13:04:44 - [MESSAGE][PASSED] - Call Test Case 'Test Cases/pages/register new user account' successfully

2022-04-30 13:04:44 - [TEST_STEP][PASSED] - callTestCase(findTestCase("Test Cases/pages/assertion register page"), ["scenario":scenario], STOP_ON_FAILURE): Call Test Case 'Test Cases/pages/assertion register page' successfully

2022-04-30 13:04:44 - [TEST_CASE][PASSED] - Test Cases/pages/assertion register page: Test Cases/pages/assertion register page

2022-04-30 13:04:44 - [TEST_STEP][PASSED] - switch (scenario.toLowerCase()): null

2022-04-30 13:04:44 - [TEST_STEP][PASSED] - case "normal flow":: null

2022-04-30 13:04:44 - [TEST_STEP][PASSED] - verifyElementVisible(findTestObject("Object Repository/otp page/div_counter_otp"), STOP_ON_FAILURE): Object 'Object Repository/otp page/div_counter_otp' is visible

2022-04-30 13:04:45 - [MESSAGE][PASSED] - Object 'Object Repository/otp page/div_counter_otp' is visible

2022-04-30 13:04:45 - [TEST_STEP][PASSED] - verifyElementHasAttribute(findTestObject("register page/btn_contains_value_dynamic", ["value":"Verifikasi"]), "disabled", 0, STOP_ON_FAILURE): Object 'Object Repository/register page/btn_contains_value_dynamic' has attribute 'disabled'

2022-04-30 13:04:45 - [MESSAGE][WARNING] - Timeout '0' is invalid. Using default page load timeout: '30'

2022-04-30 13:04:46 - [MESSAGE][PASSED] - Object 'Object Repository/register page/btn_contains_value_dynamic' has attribute 'disabled'

2022-04-30 13:04:46 - [TEST_STEP][PASSED] - for ([i = 1, i <= 6, (i++)]): Object 'Object Repository/otp page/ipt_otp_dynamic' is visible

2022-04-30 13:04:46 - [TEST_STEP][PASSED] - verifyElementVisible(findTestObject("Object Repository/otp page/ipt_otp_dynamic", ["index":i]), STOP_ON_FAILURE): Object 'Object Repository/otp page/ipt_otp_dynamic' is visible

2022-04-30 13:04:46 - [MESSAGE][PASSED] - Object 'Object Repository/otp page/ipt_otp_dynamic' is visible

2022-04-30 13:04:46 - [TEST_STEP][PASSED] - verifyElementVisible(findTestObject("Object Repository/otp page/ipt_otp_dynamic", ["index":i]), STOP_ON_FAILURE): Object 'Object Repository/otp page/ipt_otp_dynamic' is visible

2022-04-30 13:04:47 - [MESSAGE][PASSED] - Object 'Object Repository/otp page/ipt_otp_dynamic' is visible

2022-04-30 13:04:47 - [TEST_STEP][PASSED] - verifyElementVisible(findTestObject("Object Repository/otp page/ipt_otp_dynamic", ["index":i]), STOP_ON_FAILURE): Object 'Object Repository/otp page/ipt_otp_dynamic' is visible

2022-04-30 13:04:47 - [MESSAGE][PASSED] - Object 'Object Repository/otp page/ipt_otp_dynamic' is visible

2022-04-30 13:04:47 - [TEST_STEP][PASSED] - verifyElementVisible(findTestObject("Object Repository/otp page/ipt_otp_dynamic", ["index":i]), STOP_ON_FAILURE): Object 'Object Repository/otp page/ipt_otp_dynamic' is visible

2022-04-30 13:04:48 - [MESSAGE][PASSED] - Object 'Object Repository/otp page/ipt_otp_dynamic' is visible

2022-04-30 13:04:48 - [TEST_STEP][PASSED] - verifyElementVisible(findTestObject("Object Repository/otp page/ipt_otp_dynamic", ["index":i]), STOP_ON_FAILURE): Object 'Object Repository/otp page/ipt_otp_dynamic' is visible

2022-04-30 13:04:48 - [MESSAGE][PASSED] - Object 'Object Repository/otp page/ipt_otp_dynamic' is visible

2022-04-30 13:04:48 - [TEST_STEP][PASSED] - verifyElementVisible(findTestObject("Object Repository/otp page/ipt_otp_dynamic", ["index":i]), STOP_ON_FAILURE): Object 'Object Repository/otp page/ipt_otp_dynamic' is visible

2022-04-30 13:04:49 - [MESSAGE][PASSED] - Object 'Object Repository/otp page/ipt_otp_dynamic' is visible

2022-04-30 13:04:49 - [TEST_STEP][PASSED] - break: null

2022-04-30 13:04:49 - [MESSAGE][PASSED] - Call Test Case 'Test Cases/pages/assertion register page' successfully

2022-04-30 13:04:49 - [TEST_STEP][PASSED] - if (individualRun): null

2022-04-30 13:04:49 - [TEST_STEP][PASSED] - Start tear down : tearDownTestCase: Method 'tearDownTestCase' complete successfully

2022-04-30 13:04:49 - [TEST_STEP][PASSED] - navigateToUrl(basicURL, STOP_ON_FAILURE): Navigate to 'https://accounts.kitabisa.com/register' successfully

2022-04-30 13:04:49 - [MESSAGE][PASSED] - Navigate to 'https://accounts.kitabisa.com/register' successfully

2022-04-30 13:04:49 - [MESSAGE][PASSED] - Method 'tearDownTestCase' complete successfully]]></system-out>
         <system-err><![CDATA[]]></system-err>
      </testcase>
      <testcase name="Test Cases/test cases/positive test cases/TC08-as an existing user i will get pop up option to continue login as existing user" time="10.583" classname="Test Cases/test cases/positive test cases/TC08-as an existing user i will get pop up option to continue login as existing user" status="PASSED">
         <system-out><![CDATA[2022-04-30 13:04:49 - [TEST_CASE][PASSED] - Test Cases/test cases/positive test cases/TC08-as an existing user i will get pop up option to continue login as existing user: Test Cases/test cases/positive test cases/TC08-as an existing user i will get pop up option to continue login as existing user

2022-04-30 13:04:49 - [TEST_STEP][PASSED] - Start setup action : setupTestCase: Method 'setupTestCase' complete successfully

2022-04-30 13:04:49 - [TEST_STEP][PASSED] - individualRun = false: null

2022-04-30 13:04:49 - [MESSAGE][PASSED] - Method 'setupTestCase' complete successfully

2022-04-30 13:04:49 - [TEST_STEP][PASSED] - if (individualRun): null

2022-04-30 13:04:49 - [TEST_STEP][PASSED] - callTestCase(findTestCase("Test Cases/pages/register new user account"), ["email":email, "name":name, "isRegister":isRegister], STOP_ON_FAILURE): Call Test Case 'Test Cases/pages/register new user account' successfully

2022-04-30 13:04:49 - [TEST_CASE][PASSED] - Test Cases/pages/register new user account: Test Cases/pages/register new user account

2022-04-30 13:04:49 - [TEST_STEP][PASSED] - callTestCase(findTestCase("pages/open browser and go to register page"), [:], STOP_ON_FAILURE): Call Test Case 'Test Cases/pages/open browser and go to register page' successfully

2022-04-30 13:04:49 - [TEST_CASE][PASSED] - Test Cases/pages/open browser and go to register page: Test Cases/pages/open browser and go to register page

2022-04-30 13:04:49 - [TEST_STEP][PASSED] - openBrowser(basicURL, STOP_ON_FAILURE): Browser is opened with url: 'https://accounts.kitabisa.com/register'

2022-04-30 13:04:49 - [MESSAGE][WARNING] - A browser is already opened. Closing browser and opening a new one

2022-04-30 13:04:50 - [MESSAGE][INFO] - Starting 'Chrome' driver

2022-04-30 13:04:50 - [MESSAGE][INFO] - Action delay is set to 0 milliseconds

2022-04-30 13:04:55 - [MESSAGE][PASSED] - Browser is opened with url: 'https://accounts.kitabisa.com/register'

2022-04-30 13:04:55 - [TEST_STEP][PASSED] - maximizeWindow(): Current window maximized

2022-04-30 13:04:55 - [MESSAGE][PASSED] - Current window maximized

2022-04-30 13:04:55 - [MESSAGE][PASSED] - Call Test Case 'Test Cases/pages/open browser and go to register page' successfully

2022-04-30 13:04:55 - [TEST_STEP][PASSED] - if (email != ""): null

2022-04-30 13:04:55 - [TEST_STEP][PASSED] - callTestCase(findTestCase("Test Cases/pages/input user email"), ["email":email], STOP_ON_FAILURE): Call Test Case 'Test Cases/pages/input user email' successfully

2022-04-30 13:04:55 - [TEST_CASE][PASSED] - Test Cases/pages/input user email: Test Cases/pages/input user email

2022-04-30 13:04:55 - [TEST_STEP][PASSED] - sendKeys(findTestObject("Object Repository/register page/ipt_email"), email, STOP_ON_FAILURE): Keys 'test@test.com' sent to object: 'Object Repository/register page/ipt_email'

2022-04-30 13:04:56 - [MESSAGE][PASSED] - Keys 'test@test.com' sent to object: 'Object Repository/register page/ipt_email'

2022-04-30 13:04:56 - [MESSAGE][PASSED] - Call Test Case 'Test Cases/pages/input user email' successfully

2022-04-30 13:04:56 - [TEST_STEP][PASSED] - if (isEdit): null

2022-04-30 13:04:56 - [TEST_STEP][PASSED] - if (name != ""): Call Test Case 'Test Cases/pages/input user name' successfully

2022-04-30 13:04:56 - [TEST_STEP][PASSED] - callTestCase(findTestCase("Test Cases/pages/input user name"), ["name":name], STOP_ON_FAILURE): Call Test Case 'Test Cases/pages/input user name' successfully

2022-04-30 13:04:56 - [TEST_CASE][PASSED] - Test Cases/pages/input user name: Test Cases/pages/input user name

2022-04-30 13:04:56 - [TEST_STEP][PASSED] - sendKeys(findTestObject("Object Repository/register page/ipt_name"), name, STOP_ON_FAILURE): Keys 'testName' sent to object: 'Object Repository/register page/ipt_name'

2022-04-30 13:04:56 - [MESSAGE][PASSED] - Keys 'testName' sent to object: 'Object Repository/register page/ipt_name'

2022-04-30 13:04:56 - [MESSAGE][PASSED] - Call Test Case 'Test Cases/pages/input user name' successfully

2022-04-30 13:04:56 - [TEST_STEP][PASSED] - if (isRegister): Call Test Case 'Test Cases/pages/click button register' successfully

2022-04-30 13:04:56 - [TEST_STEP][PASSED] - callTestCase(findTestCase("Test Cases/pages/click button register"), [:], STOP_ON_FAILURE): Call Test Case 'Test Cases/pages/click button register' successfully

2022-04-30 13:04:56 - [TEST_CASE][PASSED] - Test Cases/pages/click button register: Test Cases/pages/click button register

2022-04-30 13:04:56 - [TEST_STEP][PASSED] - click(findTestObject("Object Repository/register page/btn_register"), STOP_ON_FAILURE): Object: 'Object Repository/register page/btn_register' is clicked on

2022-04-30 13:04:57 - [MESSAGE][PASSED] - Object: 'Object Repository/register page/btn_register' is clicked on

2022-04-30 13:04:57 - [TEST_STEP][PASSED] - waitForPageLoad(1): Wait for page load successfully

2022-04-30 13:04:57 - [MESSAGE][PASSED] - Wait for page load successfully

2022-04-30 13:04:57 - [MESSAGE][PASSED] - Call Test Case 'Test Cases/pages/click button register' successfully

2022-04-30 13:04:57 - [TEST_STEP][PASSED] - if (accountType != ""): null

2022-04-30 13:04:57 - [TEST_STEP][PASSED] - if (isLogin): null

2022-04-30 13:04:57 - [TEST_STEP][PASSED] - if (openTnC): null

2022-04-30 13:04:57 - [MESSAGE][PASSED] - Call Test Case 'Test Cases/pages/register new user account' successfully

2022-04-30 13:04:57 - [TEST_STEP][PASSED] - callTestCase(findTestCase("Test Cases/pages/assertion register page"), ["scenario":scenario], STOP_ON_FAILURE): Call Test Case 'Test Cases/pages/assertion register page' successfully

2022-04-30 13:04:57 - [TEST_CASE][PASSED] - Test Cases/pages/assertion register page: Test Cases/pages/assertion register page

2022-04-30 13:04:57 - [TEST_STEP][PASSED] - switch (scenario.toLowerCase()): null

2022-04-30 13:04:57 - [TEST_STEP][PASSED] - case "verify existing user":: null

2022-04-30 13:04:57 - [TEST_STEP][PASSED] - verifyElementVisible(findTestObject("Object Repository/register page/btn_contains_value_dynamic", ["value":"Ya, lanjut"]), STOP_ON_FAILURE): Object 'Object Repository/register page/btn_contains_value_dynamic' is visible

2022-04-30 13:04:58 - [MESSAGE][PASSED] - Object 'Object Repository/register page/btn_contains_value_dynamic' is visible

2022-04-30 13:04:58 - [TEST_STEP][PASSED] - verifyElementVisible(findTestObject("Object Repository/register page/btn_contains_value_dynamic", ["value":"Tidak, batal"]), STOP_ON_FAILURE): Object 'Object Repository/register page/btn_contains_value_dynamic' is visible

2022-04-30 13:04:59 - [MESSAGE][PASSED] - Object 'Object Repository/register page/btn_contains_value_dynamic' is visible

2022-04-30 13:04:59 - [TEST_STEP][PASSED] - break: null

2022-04-30 13:04:59 - [MESSAGE][PASSED] - Call Test Case 'Test Cases/pages/assertion register page' successfully

2022-04-30 13:04:59 - [TEST_STEP][PASSED] - if (individualRun): null

2022-04-30 13:04:59 - [TEST_STEP][PASSED] - Start tear down : tearDownTestCase: Method 'tearDownTestCase' complete successfully

2022-04-30 13:04:59 - [TEST_STEP][PASSED] - navigateToUrl(basicURL, STOP_ON_FAILURE): Navigate to 'https://accounts.kitabisa.com/register' successfully

2022-04-30 13:05:00 - [MESSAGE][PASSED] - Navigate to 'https://accounts.kitabisa.com/register' successfully

2022-04-30 13:05:00 - [MESSAGE][PASSED] - Method 'tearDownTestCase' complete successfully]]></system-out>
         <system-err><![CDATA[]]></system-err>
      </testcase>
      <system-out><![CDATA[2022-04-30 13:03:22 - [TEST_SUITE][PASSED] - user register positive cases: Test Cases/test cases/positive test cases/TC08-as an existing user i will get pop up option to continue login as existing user]]></system-out>
      <system-err><![CDATA[]]></system-err>
   </testsuite>
</testsuites>
